[07.02.2024 16:36:19 pm] - [INFO] [SERVER] [DATABASE] - Database connected
[07.02.2024 16:36:19 pm] - [INFO] [SERVER] - Server running on localhost port :3003
[07.02.2024 16:41:27 pm] - [INFO] [SERVER] [DATABASE] - Database connected
[07.02.2024 16:41:27 pm] - [INFO] [SERVER] - Server running on localhost port :3003
[07.02.2024 16:41:55 pm] - [INFO] [SERVER] [DATABASE] - Database connected
[07.02.2024 16:41:55 pm] - [INFO] [SERVER] - Server running on localhost port :3003
[07.02.2024 16:42:37 pm] - [INFO] [SERVER] [DATABASE] - Database connected
[07.02.2024 16:42:37 pm] - [INFO] [SERVER] - Server running on localhost port :3003
[07.02.2024 16:42:47 pm] - [INFO] [SERVER] [DATABASE] - Database connected
[07.02.2024 16:42:47 pm] - [INFO] [SERVER] - Server running on localhost port :3003
[07.02.2024 16:42:55 pm] - [INFO] [SERVER] [DATABASE] - Database connected
[07.02.2024 16:42:55 pm] - [INFO] [SERVER] - Server running on localhost port :3003
[07.02.2024 16:43:14 pm] - [INFO] [SERVER] [DATABASE] - Database connected
[07.02.2024 16:43:14 pm] - [INFO] [SERVER] - Server running on localhost port :3003
[07.02.2024 16:43:23 pm] - [INFO] [SERVER] [DATABASE] - Database connected
[07.02.2024 16:43:23 pm] - [INFO] [SERVER] - Server running on localhost port :3003
[07.02.2024 16:43:25 pm] - [INFO] [SERVER] [DATABASE] - Database connected
[07.02.2024 16:43:25 pm] - [INFO] [SERVER] - Server running on localhost port :3003
[07.02.2024 16:43:47 pm] - [INFO] [SERVER] [DATABASE] - Database connected
[07.02.2024 16:43:47 pm] - [INFO] [SERVER] - Server running on localhost port :3003
[07.02.2024 16:44:58 pm] - [INFO] [SERVER] [DATABASE] - Database connected
[07.02.2024 16:44:58 pm] - [INFO] [SERVER] - Server running on localhost port :3003
[07.02.2024 16:45:02 pm] - [INFO] [SERVER] [DATABASE] - Database connected
[07.02.2024 16:45:02 pm] - [INFO] [SERVER] - Server running on localhost port :3003
[07.02.2024 16:45:05 pm] - [INFO] [SERVER] [DATABASE] - Database connected
[07.02.2024 16:45:05 pm] - [INFO] [SERVER] - Server running on localhost port :3003
[07.02.2024 16:51:41 pm] - [INFO] [SERVER] [DATABASE] - Database connected
[07.02.2024 16:51:41 pm] - [INFO] [SERVER] - Server running on localhost port :3003
[07.02.2024 16:51:42 pm] - [INFO] [SERVER] [DATABASE] - Database connected
[07.02.2024 16:51:42 pm] - [INFO] [SERVER] - Server running on localhost port :3003
[07.02.2024 16:51:55 pm] - [INFO] [SERVER] [DATABASE] - Database connected
[07.02.2024 16:51:55 pm] - [INFO] [SERVER] - Server running on localhost port :3003
[07.02.2024 17:26:35 pm] - [INFO] [SERVER] [DATABASE] - Database connected
[07.02.2024 17:26:35 pm] - [INFO] [SERVER] - Server running on localhost port :3003
[07.02.2024 17:27:02 pm] - [INFO] [SERVER] [DATABASE] - Database connected
[07.02.2024 17:27:02 pm] - [INFO] [SERVER] - Server running on localhost port :3003
[07.02.2024 17:27:10 pm] - [INFO] [SERVER] [DATABASE] - Database connected
[07.02.2024 17:27:10 pm] - [INFO] [SERVER] - Server running on localhost port :3003
[07.02.2024 17:31:05 pm] - [INFO] [SERVER] [DATABASE] - Database connected
[07.02.2024 17:31:05 pm] - [INFO] [SERVER] - Server running on localhost port :3003
[07.02.2024 17:33:12 pm] - [INFO] [SERVER] [DATABASE] - Database connected
[07.02.2024 17:33:12 pm] - [INFO] [SERVER] - Server running on localhost port :3003
[07.02.2024 17:40:35 pm] - [INFO] [SERVER] [DATABASE] - Database connected
[07.02.2024 17:40:35 pm] - [INFO] [SERVER] - Server running on localhost port :3003
[07.02.2024 17:40:36 pm] - [INFO] [SERVER] [DATABASE] - Database connected
[07.02.2024 17:40:36 pm] - [INFO] [SERVER] - Server running on localhost port :3003
[07.02.2024 17:40:47 pm] - [INFO] [SERVER] [DATABASE] - Database connected
[07.02.2024 17:40:47 pm] - [INFO] [SERVER] - Server running on localhost port :3003
[07.02.2024 17:41:00 pm] - [INFO] [SERVER] [DATABASE] - Database connected
[07.02.2024 17:41:00 pm] - [INFO] [SERVER] - Server running on localhost port :3003
[07.02.2024 17:41:04 pm] - [INFO] [SERVER] [DATABASE] - Database connected
[07.02.2024 17:41:04 pm] - [INFO] [SERVER] - Server running on localhost port :3003
[07.02.2024 17:41:06 pm] - [INFO] [SERVER] [DATABASE] - Database connected
[07.02.2024 17:41:06 pm] - [INFO] [SERVER] - Server running on localhost port :3003
[07.02.2024 17:46:50 pm] - [INFO] [SERVER] [DATABASE] - Database connected
[07.02.2024 17:46:50 pm] - [INFO] [SERVER] - Server running on localhost port :3003
[07.02.2024 17:46:52 pm] - [INFO] [SERVER] [DATABASE] - Database connected
[07.02.2024 17:46:52 pm] - [INFO] [SERVER] - Server running on localhost port :3003
[07.02.2024 17:48:31 pm] - [INFO] [SERVER] [DATABASE] - Database connected
[07.02.2024 17:48:31 pm] - [INFO] [SERVER] - Server running on localhost port :3003
[07.02.2024 17:52:47 pm] - [INFO] [SERVER] [DATABASE] - Database connected
[07.02.2024 17:52:47 pm] - [INFO] [SERVER] - Server running on localhost port :3003
[07.02.2024 17:53:05 pm] - [INFO] [SERVER] [DATABASE] - Database connected
[07.02.2024 17:53:05 pm] - [INFO] [SERVER] - Server running on localhost port :3003
[07.02.2024 17:53:17 pm] - [INFO] [SERVER] [DATABASE] - Database connected
[07.02.2024 17:53:17 pm] - [INFO] [SERVER] - Server running on localhost port :3003
[07.02.2024 17:53:23 pm] - [INFO] [SERVER] [DATABASE] - Database connected
[07.02.2024 17:53:23 pm] - [INFO] [SERVER] - Server running on localhost port :3003
[07.02.2024 17:53:39 pm] - [INFO] [SERVER] [DATABASE] - Database connected
[07.02.2024 17:53:39 pm] - [INFO] [SERVER] - Server running on localhost port :3003
[07.02.2024 17:53:55 pm] - [INFO] [SERVER] [DATABASE] - Database connected
[07.02.2024 17:53:55 pm] - [INFO] [SERVER] - Server running on localhost port :3003
[07.02.2024 17:54:26 pm] - [INFO] [SERVER] [DATABASE] - Database connected
[07.02.2024 17:54:26 pm] - [INFO] [SERVER] - Server running on localhost port :3003
[07.02.2024 17:55:15 pm] - [INFO] [SERVER] [DATABASE] - Database connected
[07.02.2024 17:55:15 pm] - [INFO] [SERVER] - Server running on localhost port :3003
[07.02.2024 17:55:19 pm] - [INFO] [SERVER] [DATABASE] - Database connected
[07.02.2024 17:55:19 pm] - [INFO] [SERVER] - Server running on localhost port :3003
[07.02.2024 17:55:25 pm] - [INFO] [SERVER] [DATABASE] - Database connected
[07.02.2024 17:55:25 pm] - [INFO] [SERVER] - Server running on localhost port :3003
[07.02.2024 17:55:43 pm] - [INFO] [SERVER] [DATABASE] - Database connected
[07.02.2024 17:55:43 pm] - [INFO] [SERVER] - Server running on localhost port :3003
[07.02.2024 17:56:08 pm] - [INFO] [SERVER] [DATABASE] - Database connected
[07.02.2024 17:56:08 pm] - [INFO] [SERVER] - Server running on localhost port :3003
[07.02.2024 17:56:19 pm] - [INFO] [SERVER] [DATABASE] - Database connected
[07.02.2024 17:56:19 pm] - [INFO] [SERVER] - Server running on localhost port :3003
[07.02.2024 17:56:21 pm] - [INFO] [SERVER] [DATABASE] - Database connected
[07.02.2024 17:56:21 pm] - [INFO] [SERVER] - Server running on localhost port :3003
[07.02.2024 17:57:32 pm] - [INFO] [SERVER] [DATABASE] - Database connected
[07.02.2024 17:57:32 pm] - [INFO] [SERVER] - Server running on localhost port :3003
[07.02.2024 17:57:56 pm] - [INFO] [SERVER] [DATABASE] - Database connected
[07.02.2024 17:57:57 pm] - [INFO] [SERVER] - Server running on localhost port :3003
[07.02.2024 17:58:26 pm] - [INFO] [SERVER] [DATABASE] - Database connected
[07.02.2024 17:58:26 pm] - [INFO] [SERVER] - Server running on localhost port :3003
[07.02.2024 17:58:41 pm] - [INFO] [SERVER] [DATABASE] - Database connected
[07.02.2024 17:58:41 pm] - [INFO] [SERVER] - Server running on localhost port :3003
[07.02.2024 17:59:41 pm] - [INFO] [SERVER] [DATABASE] - Database connected
[07.02.2024 17:59:41 pm] - [INFO] [SERVER] - Server running on localhost port :3003
[07.02.2024 18:00:02 pm] - [INFO] [SERVER] [DATABASE] - Database connected
[07.02.2024 18:00:02 pm] - [INFO] [SERVER] - Server running on localhost port :3003
[07.02.2024 18:00:39 pm] - [INFO] [SERVER] [DATABASE] - Database connected
[07.02.2024 18:00:39 pm] - [INFO] [SERVER] - Server running on localhost port :3003
[07.02.2024 19:29:34 pm] - [INFO] [SERVER] [DATABASE] - Database connected
[07.02.2024 19:29:34 pm] - [INFO] [SERVER] - Server running on localhost port :3003
[07.02.2024 19:29:37 pm] - [INFO] [SERVER] [DATABASE] - Database connected
[07.02.2024 19:29:37 pm] - [INFO] [SERVER] - Server running on localhost port :3003
[07.02.2024 19:31:51 pm] - [INFO] [SERVER] [DATABASE] - Database connected
[07.02.2024 19:31:51 pm] - [INFO] [SERVER] - Server running on localhost port :3003
[07.02.2024 19:32:04 pm] - [INFO] [SERVER] [DATABASE] - Database connected
[07.02.2024 19:32:04 pm] - [INFO] [SERVER] - Server running on localhost port :3003
[07.02.2024 19:32:17 pm] - [INFO] [SERVER] [DATABASE] - Database connected
[07.02.2024 19:32:17 pm] - [INFO] [SERVER] - Server running on localhost port :3003
[07.02.2024 19:32:48 pm] - [INFO] [SERVER] [DATABASE] - Database connected
[07.02.2024 19:32:48 pm] - [INFO] [SERVER] - Server running on localhost port :3003
[07.02.2024 19:32:59 pm] - [INFO] [SERVER] [DATABASE] - Database connected
[07.02.2024 19:32:59 pm] - [INFO] [SERVER] - Server running on localhost port :3003
[07.02.2024 19:33:01 pm] - [INFO] [SERVER] [DATABASE] - Database connected
[07.02.2024 19:33:01 pm] - [INFO] [SERVER] - Server running on localhost port :3003
[07.02.2024 19:33:06 pm] - [INFO] [SERVER] [DATABASE] - Database connected
[07.02.2024 19:33:07 pm] - [INFO] [SERVER] - Server running on localhost port :3003
[07.02.2024 19:33:35 pm] - [INFO] [SERVER] [DATABASE] - Database connected
[07.02.2024 19:33:35 pm] - [INFO] [SERVER] - Server running on localhost port :3003
[07.02.2024 19:34:34 pm] - [INFO] [SERVER] [DATABASE] - Database connected
[07.02.2024 19:34:34 pm] - [INFO] [SERVER] - Server running on localhost port :3003
[07.02.2024 19:35:17 pm] - [INFO] [SERVER] [DATABASE] - Database connected
[07.02.2024 19:35:17 pm] - [INFO] [SERVER] - Server running on localhost port :3003
[07.02.2024 19:35:24 pm] - [INFO] [SERVER] [DATABASE] - Database connected
[07.02.2024 19:35:24 pm] - [INFO] [SERVER] - Server running on localhost port :3003
[07.02.2024 19:35:51 pm] - [INFO] [SERVER] [DATABASE] - Database connected
[07.02.2024 19:35:51 pm] - [INFO] [SERVER] - Server running on localhost port :3003
[07.02.2024 19:36:06 pm] - [INFO] [SERVER] [DATABASE] - Database connected
[07.02.2024 19:36:06 pm] - [INFO] [SERVER] - Server running on localhost port :3003
[07.02.2024 19:36:22 pm] - [INFO] [SERVER] [DATABASE] - Database connected
[07.02.2024 19:36:23 pm] - [INFO] [SERVER] - Server running on localhost port :3003
[07.02.2024 19:36:45 pm] - [INFO] [SERVER] [DATABASE] - Database connected
[07.02.2024 19:36:45 pm] - [INFO] [SERVER] - Server running on localhost port :3003
[07.02.2024 19:37:00 pm] - [INFO] [SERVER] [DATABASE] - Database connected
[07.02.2024 19:37:00 pm] - [INFO] [SERVER] - Server running on localhost port :3003
[07.02.2024 19:37:08 pm] - [INFO] [SERVER] [DATABASE] - Database connected
[07.02.2024 19:37:09 pm] - [INFO] [SERVER] - Server running on localhost port :3003
[07.02.2024 19:37:18 pm] - [INFO] [SERVER] [DATABASE] - Database connected
[07.02.2024 19:37:19 pm] - [INFO] [SERVER] - Server running on localhost port :3003
[07.02.2024 19:37:21 pm] - [INFO] [SERVER] [DATABASE] - Database connected
[07.02.2024 19:37:21 pm] - [INFO] [SERVER] - Server running on localhost port :3003
[07.02.2024 19:37:37 pm] - [INFO] [SERVER] [DATABASE] - Database connected
[07.02.2024 19:37:37 pm] - [INFO] [SERVER] - Server running on localhost port :3003
[07.02.2024 19:37:49 pm] - [INFO] [SERVER] [DATABASE] - Database connected
[07.02.2024 19:37:49 pm] - [INFO] [SERVER] - Server running on localhost port :3003
[07.02.2024 19:38:41 pm] - [INFO] [SERVER] [DATABASE] - Database connected
[07.02.2024 19:38:53 pm] - [INFO] [SERVER] - Server running on localhost port :3003
[07.02.2024 19:39:07 pm] - [INFO] [SERVER] [DATABASE] - Database connected
[07.02.2024 19:39:08 pm] - [INFO] [SERVER] - Server running on localhost port :3003
[07.02.2024 19:40:30 pm] - [INFO] [SERVER] [DATABASE] - Database connected
[07.02.2024 19:40:32 pm] - [INFO] [SERVER] - Server running on localhost port :3003
[07.02.2024 19:41:54 pm] - [INFO] [SERVER] [DATABASE] - Database connected
[07.02.2024 19:41:56 pm] - [INFO] [SERVER] - Server running on localhost port :3003
[07.02.2024 19:43:51 pm] - [INFO] [SERVER] [DATABASE] - Database connected
[07.02.2024 19:43:53 pm] - [INFO] [SERVER] - Server running on localhost port :3003
[07.02.2024 19:46:29 pm] - [INFO] [SERVER] [DATABASE] - Database connected
[07.02.2024 19:46:31 pm] - [INFO] [SERVER] - Server running on localhost port :3003
[07.02.2024 19:48:04 pm] - [INFO] [SERVER] [DATABASE] - Database connected
[07.02.2024 19:48:06 pm] - [INFO] [SERVER] - Server running on localhost port :3003
[07.02.2024 19:48:13 pm] - [INFO] [SERVER] [DATABASE] - Database connected
[07.02.2024 19:48:15 pm] - [INFO] [SERVER] - Server running on localhost port :3003
[07.02.2024 19:48:22 pm] - [INFO] [SERVER] [DATABASE] - Database connected
[07.02.2024 19:48:23 pm] - [INFO] [SERVER] - Server running on localhost port :3003
[07.02.2024 19:48:34 pm] - [INFO] [SERVER] [DATABASE] - Database connected
[07.02.2024 19:48:36 pm] - [INFO] [SERVER] - Server running on localhost port :3003
[07.02.2024 19:48:52 pm] - [INFO] [SERVER] [DATABASE] - Database connected
[07.02.2024 19:48:54 pm] - [INFO] [SERVER] - Server running on localhost port :3003
[07.02.2024 19:49:54 pm] - [INFO] [SERVER] [DATABASE] - Database connected
[07.02.2024 19:49:55 pm] - [INFO] [SERVER] - Server running on localhost port :3003
[07.02.2024 19:50:05 pm] - [INFO] [SERVER] [DATABASE] - Database connected
[07.02.2024 19:50:06 pm] - [INFO] [SERVER] - Server running on localhost port :3003
[07.02.2024 19:51:53 pm] - [INFO] [SERVER] [DATABASE] - Database connected
[07.02.2024 19:51:55 pm] - [INFO] [SERVER] - Server running on localhost port :3003
[07.02.2024 19:52:09 pm] - [INFO] [SERVER] [DATABASE] - Database connected
[07.02.2024 19:52:11 pm] - [INFO] [SERVER] - Server running on localhost port :3003
[07.02.2024 19:52:15 pm] - [INFO] [SERVER] [DATABASE] - Database connected
[07.02.2024 19:52:17 pm] - [INFO] [SERVER] - Server running on localhost port :3003
[07.02.2024 19:53:28 pm] - [INFO] [SERVER] [DATABASE] - Database connected
[07.02.2024 19:53:29 pm] - [INFO] [SERVER] - Server running on localhost port :3003
[07.02.2024 19:53:57 pm] - [INFO] [SERVER] [DATABASE] - Database connected
[07.02.2024 19:53:59 pm] - [INFO] [SERVER] - Server running on localhost port :3003
[07.02.2024 19:54:06 pm] - [INFO] [SERVER] [DATABASE] - Database connected
[07.02.2024 19:54:07 pm] - [INFO] [SERVER] - Server running on localhost port :3003
[07.02.2024 19:54:32 pm] - [INFO] [SERVER] [DATABASE] - Database connected
[07.02.2024 19:54:34 pm] - [INFO] [SERVER] - Server running on localhost port :3003
[08.02.2024 08:00:34 am] - [INFO] [SERVER] [DATABASE] - Database connected
[08.02.2024 08:01:08 am] - [INFO] [SERVER] - Server running on localhost port :3003
[08.02.2024 08:18:25 am] - [INFO] [SERVER] [DATABASE] - Database connected
[08.02.2024 08:18:35 am] - [INFO] [SERVER] - Server running on localhost port :3003
[08.02.2024 08:19:24 am] - [INFO] [SERVER] [DATABASE] - Database connected
[08.02.2024 08:19:25 am] - [INFO] [SERVER] - Server running on localhost port :3003
[08.02.2024 08:25:20 am] - [INFO] [SERVER] [DATABASE] - Database connected
[08.02.2024 08:25:21 am] - [INFO] [SERVER] - Server running on localhost port :3003
[08.02.2024 08:25:23 am] - [INFO] [SERVER] [DATABASE] - Database connected
[08.02.2024 08:25:24 am] - [INFO] [SERVER] - Server running on localhost port :3003
[08.02.2024 08:39:36 am] - [INFO] [SERVER] [DATABASE] - Database connected
[08.02.2024 08:39:46 am] - [INFO] [SERVER] - Server running on localhost port :3003
[08.02.2024 08:39:51 am] - [INFO] [SERVER] [DATABASE] - Database connected
[08.02.2024 08:39:53 am] - [INFO] [SERVER] - Server running on localhost port :3003
[08.02.2024 08:39:56 am] - [INFO] [SERVER] [DATABASE] - Database connected
[08.02.2024 08:39:57 am] - [INFO] [SERVER] - Server running on localhost port :3003
[08.02.2024 08:42:59 am] - [INFO] [SERVER] [DATABASE] - Database connected
[08.02.2024 08:43:00 am] - [INFO] [SERVER] - Server running on localhost port :3003
[08.02.2024 08:45:34 am] - [INFO] [SERVER] [DATABASE] - Database connected
[08.02.2024 08:45:36 am] - [INFO] [SERVER] - Server running on localhost port :3003
[08.02.2024 08:47:02 am] - [INFO] [SERVER] [DATABASE] - Database connected
[08.02.2024 08:47:03 am] - [INFO] [SERVER] - Server running on localhost port :3003
[08.02.2024 08:48:13 am] - [INFO] [SERVER] [DATABASE] - Database connected
[08.02.2024 08:48:14 am] - [INFO] [SERVER] - Server running on localhost port :3003
[08.02.2024 08:51:42 am] - [INFO] [SERVER] [DATABASE] - Database connected
[08.02.2024 08:51:44 am] - [INFO] [SERVER] - Server running on localhost port :3003
[08.02.2024 08:56:32 am] - [INFO] [SERVER] [DATABASE] - Database connected
[08.02.2024 08:56:33 am] - [INFO] [SERVER] - Server running on localhost port :3003
[08.02.2024 08:56:57 am] - [INFO] [SERVER] [DATABASE] - Database connected
[08.02.2024 08:56:58 am] - [INFO] [SERVER] - Server running on localhost port :3003
[08.02.2024 08:58:29 am] - [INFO] [SERVER] [DATABASE] - Database connected
[08.02.2024 08:58:31 am] - [INFO] [SERVER] - Server running on localhost port :3003
[08.02.2024 08:59:30 am] - [INFO] [SERVER] [DATABASE] - Database connected
[08.02.2024 08:59:31 am] - [INFO] [SERVER] - Server running on localhost port :3003
[08.02.2024 09:16:38 am] - [INFO] [SERVER] [DATABASE] - Database connected
[08.02.2024 09:16:39 am] - [INFO] [SERVER] - Server running on localhost port :3003
[08.02.2024 09:18:09 am] - [INFO] [SERVER] [DATABASE] - Database connected
[08.02.2024 09:18:10 am] - [INFO] [SERVER] - Server running on localhost port :3003
[08.02.2024 09:20:36 am] - [INFO] [SERVER] [DATABASE] - Database connected
[08.02.2024 09:20:37 am] - [INFO] [SERVER] - Server running on localhost port :3003
[08.02.2024 09:26:11 am] - [INFO] [SERVER] [DATABASE] - Database connected
[08.02.2024 09:26:12 am] - [INFO] [SERVER] - Server running on localhost port :3003
[08.02.2024 09:27:50 am] - [INFO] [SERVER] [DATABASE] - Database connected
[08.02.2024 09:27:51 am] - [INFO] [SERVER] - Server running on localhost port :3003
[08.02.2024 09:29:49 am] - [INFO] [SERVER] [DATABASE] - Database connected
[08.02.2024 09:30:00 am] - [INFO] [SERVER] - Server running on localhost port :3003
[08.02.2024 09:30:40 am] - [INFO] [SERVER] [DATABASE] - Database connected
[08.02.2024 09:30:41 am] - [INFO] [SERVER] - Server running on localhost port :3003
[08.02.2024 09:35:44 am] - [INFO] [SERVER] [DATABASE] - Database connected
[08.02.2024 09:35:45 am] - [INFO] [SERVER] - Server running on localhost port :3003
[08.02.2024 09:36:42 am] - [INFO] [SERVER] [DATABASE] - Database connected
[08.02.2024 09:36:43 am] - [INFO] [SERVER] - Server running on localhost port :3003
[08.02.2024 09:38:13 am] - [INFO] [SERVER] [DATABASE] - Database connected
[08.02.2024 09:38:14 am] - [INFO] [SERVER] - Server running on localhost port :3003
[08.02.2024 09:40:01 am] - [INFO] [SERVER] [DATABASE] - Database connected
[08.02.2024 09:40:02 am] - [INFO] [SERVER] - Server running on localhost port :3003
[08.02.2024 09:41:06 am] - [INFO] [SERVER] [DATABASE] - Database connected
[08.02.2024 09:41:07 am] - [INFO] [SERVER] - Server running on localhost port :3003
[08.02.2024 09:45:31 am] - [INFO] [SERVER] [DATABASE] - Database connected
[08.02.2024 09:45:32 am] - [INFO] [SERVER] - Server running on localhost port :3003
[08.02.2024 09:48:26 am] - [INFO] [SERVER] [DATABASE] - Database connected
[08.02.2024 09:48:27 am] - [INFO] [SERVER] - Server running on localhost port :3003
[08.02.2024 09:51:50 am] - [INFO] [SERVER] [DATABASE] - Database connected
[08.02.2024 09:51:51 am] - [INFO] [SERVER] - Server running on localhost port :3003
[08.02.2024 09:52:31 am] - [INFO] [SERVER] [DATABASE] - Database connected
[08.02.2024 09:52:32 am] - [INFO] [SERVER] - Server running on localhost port :3003
[08.02.2024 09:52:34 am] - [INFO] [SERVER] [DATABASE] - Database connected
[08.02.2024 09:52:35 am] - [INFO] [SERVER] - Server running on localhost port :3003
[08.02.2024 09:53:37 am] - [INFO] [SERVER] [DATABASE] - Database connected
[08.02.2024 09:53:38 am] - [INFO] [SERVER] - Server running on localhost port :3003
[08.02.2024 09:54:35 am] - [INFO] [SERVER] [DATABASE] - Database connected
[08.02.2024 09:54:36 am] - [INFO] [SERVER] - Server running on localhost port :3003
[08.02.2024 09:54:38 am] - [INFO] [SERVER] [DATABASE] - Database connected
[08.02.2024 09:54:40 am] - [INFO] [SERVER] - Server running on localhost port :3003
[08.02.2024 09:55:06 am] - [INFO] [SERVER] [DATABASE] - Database connected
[08.02.2024 09:55:08 am] - [INFO] [SERVER] - Server running on localhost port :3003
[08.02.2024 09:55:19 am] - [INFO] [SERVER] [DATABASE] - Database connected
[08.02.2024 09:55:20 am] - [INFO] [SERVER] - Server running on localhost port :3003
[08.02.2024 10:30:21 am] - [INFO] [SERVER] [DATABASE] - Database connected
[08.02.2024 10:30:23 am] - [INFO] [SERVER] - Server running on localhost port :3003
[08.02.2024 10:33:58 am] - [INFO] [SERVER] [DATABASE] - Database connected
[08.02.2024 10:33:59 am] - [INFO] [SERVER] - Server running on localhost port :3003
[08.02.2024 10:34:27 am] - [INFO] [SERVER] [DATABASE] - Database connected
[08.02.2024 10:34:29 am] - [INFO] [SERVER] - Server running on localhost port :3003
[08.02.2024 10:37:56 am] - [INFO] [SERVER] [DATABASE] - Database connected
[08.02.2024 10:37:57 am] - [INFO] [SERVER] - Server running on localhost port :3003
[08.02.2024 10:38:33 am] - [INFO] [SERVER] [DATABASE] - Database connected
[08.02.2024 10:38:35 am] - [INFO] [SERVER] - Server running on localhost port :3003
[08.02.2024 10:38:53 am] - [INFO] [SERVER] [DATABASE] - Database connected
[08.02.2024 10:38:55 am] - [INFO] [SERVER] - Server running on localhost port :3003
[08.02.2024 10:39:36 am] - [INFO] [SERVER] [DATABASE] - Database connected
[08.02.2024 10:39:37 am] - [INFO] [SERVER] - Server running on localhost port :3003
[08.02.2024 10:40:09 am] - [INFO] [SERVER] [DATABASE] - Database connected
[08.02.2024 10:40:11 am] - [INFO] [SERVER] - Server running on localhost port :3003
[08.02.2024 10:40:53 am] - [INFO] [SERVER] [DATABASE] - Database connected
[08.02.2024 10:40:54 am] - [INFO] [SERVER] - Server running on localhost port :3003
[08.02.2024 10:41:06 am] - [INFO] [SERVER] [DATABASE] - Database connected
[08.02.2024 10:41:07 am] - [INFO] [SERVER] - Server running on localhost port :3003
[08.02.2024 10:47:51 am] - [INFO] [SERVER] [DATABASE] - Database connected
[08.02.2024 10:47:52 am] - [INFO] [SERVER] - Server running on localhost port :3003
[08.02.2024 10:48:25 am] - [INFO] [SERVER] [DATABASE] - Database connected
[08.02.2024 10:48:27 am] - [INFO] [SERVER] - Server running on localhost port :3003
[08.02.2024 10:49:12 am] - [INFO] [SERVER] [DATABASE] - Database connected
[08.02.2024 10:49:13 am] - [INFO] [SERVER] - Server running on localhost port :3003
[08.02.2024 10:49:26 am] - [INFO] [SERVER] [DATABASE] - Database connected
[08.02.2024 10:49:27 am] - [INFO] [SERVER] - Server running on localhost port :3003
[08.02.2024 10:49:48 am] - [INFO] [SERVER] [DATABASE] - Database connected
[08.02.2024 10:49:49 am] - [INFO] [SERVER] - Server running on localhost port :3003
[08.02.2024 10:50:12 am] - [INFO] [SERVER] [DATABASE] - Database connected
[08.02.2024 10:50:13 am] - [INFO] [SERVER] - Server running on localhost port :3003
[08.02.2024 10:53:40 am] - [INFO] [SERVER] [DATABASE] - Database connected
[08.02.2024 10:53:41 am] - [INFO] [SERVER] - Server running on localhost port :3003
[08.02.2024 10:53:51 am] - [INFO] [SERVER] [DATABASE] - Database connected
[08.02.2024 10:53:52 am] - [INFO] [SERVER] - Server running on localhost port :3003
[08.02.2024 10:54:19 am] - [INFO] [SERVER] [DATABASE] - Database connected
[08.02.2024 10:54:20 am] - [INFO] [SERVER] - Server running on localhost port :3003
[08.02.2024 10:54:23 am] - [INFO] [SERVER] [DATABASE] - Database connected
[08.02.2024 10:54:25 am] - [INFO] [SERVER] - Server running on localhost port :3003
[08.02.2024 10:54:39 am] - [INFO] [SERVER] [DATABASE] - Database connected
[08.02.2024 10:54:41 am] - [INFO] [SERVER] - Server running on localhost port :3003
[08.02.2024 10:55:04 am] - [INFO] [SERVER] [DATABASE] - Database connected
[08.02.2024 10:55:05 am] - [INFO] [SERVER] - Server running on localhost port :3003
[08.02.2024 11:03:26 am] - [INFO] [SERVER] [DATABASE] - Database connected
[08.02.2024 11:03:27 am] - [INFO] [SERVER] - Server running on localhost port :3003
[08.02.2024 11:04:15 am] - [INFO] [SERVER] [DATABASE] - Database connected
[08.02.2024 11:04:16 am] - [INFO] [SERVER] - Server running on localhost port :3003
[08.02.2024 11:07:08 am] - [INFO] [SERVER] [DATABASE] - Database connected
[08.02.2024 11:07:09 am] - [INFO] [SERVER] - Server running on localhost port :3003
[08.02.2024 11:07:42 am] - [INFO] [SERVER] [DATABASE] - Database connected
[08.02.2024 11:07:43 am] - [INFO] [SERVER] - Server running on localhost port :3003
[08.02.2024 11:08:44 am] - [INFO] [SERVER] [DATABASE] - Database connected
[08.02.2024 11:08:55 am] - [INFO] [SERVER] - Server running on localhost port :3003
[08.02.2024 11:10:38 am] - [INFO] [SERVER] [DATABASE] - Database connected
[08.02.2024 11:10:39 am] - [INFO] [SERVER] - Server running on localhost port :3003
[08.02.2024 11:10:42 am] - [INFO] [SERVER] [DATABASE] - Database connected
[08.02.2024 11:10:43 am] - [INFO] [SERVER] - Server running on localhost port :3003
[08.02.2024 11:10:44 am] - [INFO] [SERVER] [DATABASE] - Database connected
[08.02.2024 11:10:45 am] - [INFO] [SERVER] - Server running on localhost port :3003
[08.02.2024 11:13:24 am] - [INFO] [SERVER] [DATABASE] - Database connected
[08.02.2024 11:13:25 am] - [INFO] [SERVER] - Server running on localhost port :3003
[08.02.2024 11:13:33 am] - [INFO] [SERVER] [DATABASE] - Database connected
[08.02.2024 11:13:34 am] - [INFO] [SERVER] - Server running on localhost port :3003
[08.02.2024 11:22:19 am] - [INFO] [SERVER] [DATABASE] - Database connected
[08.02.2024 11:22:20 am] - [INFO] [SERVER] - Server running on localhost port :3003
[08.02.2024 11:22:48 am] - [INFO] [SERVER] [DATABASE] - Database connected
[08.02.2024 11:22:49 am] - [INFO] [SERVER] - Server running on localhost port :3003
[08.02.2024 11:23:05 am] - [INFO] [SERVER] [DATABASE] - Database connected
[08.02.2024 11:23:06 am] - [INFO] [SERVER] - Server running on localhost port :3003
[08.02.2024 11:25:04 am] - [INFO] [SERVER] [DATABASE] - Database connected
[08.02.2024 11:25:05 am] - [INFO] [SERVER] - Server running on localhost port :3003
[08.02.2024 11:38:41 am] - [INFO] [SERVER] [DATABASE] - Database connected
[08.02.2024 11:38:42 am] - [INFO] [SERVER] - Server running on localhost port :3003
[08.02.2024 11:38:51 am] - [INFO] [SERVER] [DATABASE] - Database connected
[08.02.2024 11:38:52 am] - [INFO] [SERVER] - Server running on localhost port :3003
[08.02.2024 11:38:55 am] - [INFO] [SERVER] [DATABASE] - Database connected
[08.02.2024 11:38:56 am] - [INFO] [SERVER] - Server running on localhost port :3003
[08.02.2024 11:38:59 am] - [INFO] [SERVER] [DATABASE] - Database connected
[08.02.2024 11:39:00 am] - [INFO] [SERVER] - Server running on localhost port :3003
[08.02.2024 11:39:26 am] - [INFO] [SERVER] [DATABASE] - Database connected
[08.02.2024 11:39:27 am] - [INFO] [SERVER] - Server running on localhost port :3003
[08.02.2024 11:39:31 am] - [INFO] [SERVER] [DATABASE] - Database connected
[08.02.2024 11:39:32 am] - [INFO] [SERVER] - Server running on localhost port :3003
[08.02.2024 11:51:00 am] - [INFO] [SERVER] [DATABASE] - Database connected
[08.02.2024 11:51:01 am] - [INFO] [SERVER] - Server running on localhost port :3003
[08.02.2024 11:58:53 am] - [INFO] [SERVER] [DATABASE] - Database connected
[08.02.2024 11:58:54 am] - [INFO] [SERVER] - Server running on localhost port :3003
[08.02.2024 11:59:14 am] - [INFO] [SERVER] [DATABASE] - Database connected
[08.02.2024 11:59:15 am] - [INFO] [SERVER] - Server running on localhost port :3003
[08.02.2024 11:59:31 am] - [INFO] [SERVER] [DATABASE] - Database connected
[08.02.2024 11:59:32 am] - [INFO] [SERVER] - Server running on localhost port :3003
[08.02.2024 12:00:18 pm] - [INFO] [SERVER] [DATABASE] - Database connected
[08.02.2024 12:00:19 pm] - [INFO] [SERVER] - Server running on localhost port :3003
[08.02.2024 12:03:06 pm] - [INFO] [SERVER] [DATABASE] - Database connected
[08.02.2024 12:03:08 pm] - [INFO] [SERVER] - Server running on localhost port :3003
[08.02.2024 12:03:33 pm] - [INFO] [SERVER] [DATABASE] - Database connected
[08.02.2024 12:03:34 pm] - [INFO] [SERVER] - Server running on localhost port :3003
[08.02.2024 12:03:56 pm] - [INFO] [SERVER] [DATABASE] - Database connected
[08.02.2024 12:03:57 pm] - [INFO] [SERVER] - Server running on localhost port :3003
[08.02.2024 12:04:01 pm] - [INFO] [SERVER] [DATABASE] - Database connected
[08.02.2024 12:04:02 pm] - [INFO] [SERVER] - Server running on localhost port :3003
[08.02.2024 12:05:46 pm] - [INFO] [SERVER] [DATABASE] - Database connected
[08.02.2024 12:05:47 pm] - [INFO] [SERVER] - Server running on localhost port :3003
[08.02.2024 12:06:14 pm] - [INFO] [SERVER] [DATABASE] - Database connected
[08.02.2024 12:06:15 pm] - [INFO] [SERVER] - Server running on localhost port :3003
[08.02.2024 12:06:16 pm] - [INFO] [SERVER] [DATABASE] - Database connected
[08.02.2024 12:06:17 pm] - [INFO] [SERVER] - Server running on localhost port :3003
[08.02.2024 12:07:27 pm] - [INFO] [SERVER] [DATABASE] - Database connected
[08.02.2024 12:07:28 pm] - [INFO] [SERVER] - Server running on localhost port :3003
[08.02.2024 12:09:24 pm] - [INFO] [SERVER] [DATABASE] - Database connected
[08.02.2024 12:09:25 pm] - [INFO] [SERVER] - Server running on localhost port :3003
[08.02.2024 12:09:46 pm] - [INFO] [SERVER] [DATABASE] - Database connected
[08.02.2024 12:09:47 pm] - [INFO] [SERVER] - Server running on localhost port :3003
[08.02.2024 12:10:13 pm] - [INFO] [SERVER] [DATABASE] - Database connected
[08.02.2024 12:10:14 pm] - [INFO] [SERVER] - Server running on localhost port :3003
[08.02.2024 12:10:35 pm] - [INFO] [SERVER] [DATABASE] - Database connected
[08.02.2024 12:10:36 pm] - [INFO] [SERVER] - Server running on localhost port :3003
[08.02.2024 12:10:39 pm] - [INFO] [SERVER] [DATABASE] - Database connected
[08.02.2024 12:10:40 pm] - [INFO] [SERVER] - Server running on localhost port :3003
[08.02.2024 12:12:25 pm] - [INFO] [SERVER] [DATABASE] - Database connected
[08.02.2024 12:12:26 pm] - [INFO] [SERVER] - Server running on localhost port :3003
[08.02.2024 12:12:59 pm] - [INFO] [SERVER] [DATABASE] - Database connected
[08.02.2024 12:13:00 pm] - [INFO] [SERVER] - Server running on localhost port :3003
[08.02.2024 12:13:31 pm] - [INFO] [SERVER] [DATABASE] - Database connected
[08.02.2024 12:13:32 pm] - [INFO] [SERVER] - Server running on localhost port :3003
[08.02.2024 12:14:32 pm] - [INFO] [SERVER] [DATABASE] - Database connected
[08.02.2024 12:14:33 pm] - [INFO] [SERVER] - Server running on localhost port :3003
[08.02.2024 12:14:48 pm] - [INFO] [SERVER] [DATABASE] - Database connected
[08.02.2024 12:14:49 pm] - [INFO] [SERVER] - Server running on localhost port :3003
[08.02.2024 12:16:18 pm] - [INFO] [SERVER] [DATABASE] - Database connected
[08.02.2024 12:16:19 pm] - [INFO] [SERVER] - Server running on localhost port :3003
[08.02.2024 12:16:38 pm] - [INFO] [SERVER] [DATABASE] - Database connected
[08.02.2024 12:16:39 pm] - [INFO] [SERVER] - Server running on localhost port :3003
[08.02.2024 12:43:11 pm] - [INFO] [SERVER] [DATABASE] - Database connected
[08.02.2024 12:43:12 pm] - [INFO] [SERVER] - Server running on localhost port :3003
[08.02.2024 13:34:06 pm] - [INFO] [SERVER] [DATABASE] - Database connected
[08.02.2024 13:34:07 pm] - [INFO] [SERVER] - Server running on localhost port :3003
[08.02.2024 13:34:52 pm] - [INFO] [SERVER] [DATABASE] - Database connected
[08.02.2024 13:34:54 pm] - [INFO] [SERVER] - Server running on localhost port :3003
[08.02.2024 13:41:54 pm] - [INFO] [SERVER] [DATABASE] - Database connected
[08.02.2024 13:41:56 pm] - [INFO] [SERVER] - Server running on localhost port :3003
[08.02.2024 13:42:03 pm] - [INFO] [SERVER] [DATABASE] - Database connected
[08.02.2024 13:42:05 pm] - [INFO] [SERVER] - Server running on localhost port :3003
[08.02.2024 13:42:26 pm] - [INFO] [SERVER] [DATABASE] - Database connected
[08.02.2024 13:42:27 pm] - [INFO] [SERVER] - Server running on localhost port :3003
[08.02.2024 13:42:35 pm] - [INFO] [SERVER] [DATABASE] - Database connected
[08.02.2024 13:42:36 pm] - [INFO] [SERVER] - Server running on localhost port :3003
[08.02.2024 13:43:11 pm] - [INFO] [SERVER] [DATABASE] - Database connected
[08.02.2024 13:43:12 pm] - [INFO] [SERVER] - Server running on localhost port :3003
[08.02.2024 13:44:14 pm] - [INFO] [SERVER] [DATABASE] - Database connected
[08.02.2024 13:44:16 pm] - [INFO] [SERVER] - Server running on localhost port :3003
[08.02.2024 13:44:24 pm] - [INFO] [SERVER] [DATABASE] - Database connected
[08.02.2024 13:44:26 pm] - [INFO] [SERVER] - Server running on localhost port :3003
[08.02.2024 13:44:37 pm] - [INFO] [SERVER] [DATABASE] - Database connected
[08.02.2024 13:44:38 pm] - [INFO] [SERVER] - Server running on localhost port :3003
[08.02.2024 13:47:52 pm] - [INFO] [SERVER] [DATABASE] - Database connected
[08.02.2024 13:47:54 pm] - [INFO] [SERVER] - Server running on localhost port :3003
[08.02.2024 13:49:21 pm] - [INFO] [SERVER] [DATABASE] - Database connected
[08.02.2024 13:49:22 pm] - [INFO] [SERVER] - Server running on localhost port :3003
[08.02.2024 13:50:24 pm] - [INFO] [SERVER] [DATABASE] - Database connected
[08.02.2024 13:50:25 pm] - [INFO] [SERVER] - Server running on localhost port :3003
[08.02.2024 13:50:30 pm] - [INFO] [SERVER] [DATABASE] - Database connected
[08.02.2024 13:50:31 pm] - [INFO] [SERVER] - Server running on localhost port :3003
[08.02.2024 13:52:22 pm] - [INFO] [SERVER] [DATABASE] - Database connected
[08.02.2024 13:52:23 pm] - [INFO] [SERVER] - Server running on localhost port :3003
[08.02.2024 13:54:34 pm] - [INFO] [SERVER] [DATABASE] - Database connected
[08.02.2024 13:54:36 pm] - [INFO] [SERVER] - Server running on localhost port :3003
[08.02.2024 13:54:54 pm] - [INFO] [SERVER] [DATABASE] - Database connected
[08.02.2024 13:54:55 pm] - [INFO] [SERVER] - Server running on localhost port :3003
[08.02.2024 13:55:08 pm] - [INFO] [SERVER] [DATABASE] - Database connected
[08.02.2024 13:55:10 pm] - [INFO] [SERVER] - Server running on localhost port :3003
[08.02.2024 13:55:17 pm] - [INFO] [SERVER] [DATABASE] - Database connected
[08.02.2024 13:55:19 pm] - [INFO] [SERVER] - Server running on localhost port :3003
[08.02.2024 13:55:32 pm] - [INFO] [SERVER] [DATABASE] - Database connected
[08.02.2024 13:55:33 pm] - [INFO] [SERVER] - Server running on localhost port :3003
[08.02.2024 13:55:40 pm] - [INFO] [SERVER] [DATABASE] - Database connected
[08.02.2024 13:55:42 pm] - [INFO] [SERVER] - Server running on localhost port :3003
[08.02.2024 13:55:49 pm] - [INFO] [SERVER] [DATABASE] - Database connected
[08.02.2024 13:55:50 pm] - [INFO] [SERVER] - Server running on localhost port :3003
[08.02.2024 13:56:39 pm] - [INFO] [SERVER] [DATABASE] - Database connected
[08.02.2024 13:56:40 pm] - [INFO] [SERVER] - Server running on localhost port :3003
[08.02.2024 13:59:47 pm] - [INFO] [SERVER] [DATABASE] - Database connected
[08.02.2024 13:59:49 pm] - [INFO] [SERVER] - Server running on localhost port :3003
[08.02.2024 14:00:05 pm] - [INFO] [SERVER] [DATABASE] - Database connected
[08.02.2024 14:00:07 pm] - [INFO] [SERVER] - Server running on localhost port :3003
[08.02.2024 14:05:37 pm] - [INFO] [SERVER] [DATABASE] - Database connected
[08.02.2024 14:05:39 pm] - [INFO] [SERVER] - Server running on localhost port :3003
[08.02.2024 14:05:54 pm] - [INFO] [SERVER] [DATABASE] - Database connected
[08.02.2024 14:05:56 pm] - [INFO] [SERVER] - Server running on localhost port :3003
[08.02.2024 14:06:04 pm] - [INFO] [SERVER] [DATABASE] - Database connected
[08.02.2024 14:06:05 pm] - [INFO] [SERVER] - Server running on localhost port :3003
[08.02.2024 14:06:09 pm] - [INFO] [SERVER] [DATABASE] - Database connected
[08.02.2024 14:06:11 pm] - [INFO] [SERVER] - Server running on localhost port :3003
[08.02.2024 14:06:25 pm] - [INFO] [SERVER] [DATABASE] - Database connected
[08.02.2024 14:06:26 pm] - [INFO] [SERVER] - Server running on localhost port :3003
[08.02.2024 14:07:14 pm] - [INFO] [SERVER] [DATABASE] - Database connected
[08.02.2024 14:07:15 pm] - [INFO] [SERVER] - Server running on localhost port :3003
[08.02.2024 14:07:46 pm] - [INFO] [SERVER] [DATABASE] - Database connected
[08.02.2024 14:07:48 pm] - [INFO] [SERVER] - Server running on localhost port :3003
[08.02.2024 14:08:15 pm] - [INFO] [SERVER] [DATABASE] - Database connected
[08.02.2024 14:08:17 pm] - [INFO] [SERVER] - Server running on localhost port :3003
[08.02.2024 14:08:20 pm] - [INFO] [SERVER] [DATABASE] - Database connected
[08.02.2024 14:08:22 pm] - [INFO] [SERVER] - Server running on localhost port :3003
[08.02.2024 14:08:42 pm] - [INFO] [SERVER] [DATABASE] - Database connected
[08.02.2024 14:08:43 pm] - [INFO] [SERVER] - Server running on localhost port :3003
[08.02.2024 14:09:58 pm] - [INFO] [SERVER] [DATABASE] - Database connected
[08.02.2024 14:09:59 pm] - [INFO] [SERVER] - Server running on localhost port :3003
[08.02.2024 14:11:30 pm] - [INFO] [SERVER] [DATABASE] - Database connected
[08.02.2024 14:11:32 pm] - [INFO] [SERVER] - Server running on localhost port :3003
[08.02.2024 14:11:59 pm] - [INFO] [SERVER] [DATABASE] - Database connected
[08.02.2024 14:12:00 pm] - [INFO] [SERVER] - Server running on localhost port :3003
[08.02.2024 14:16:09 pm] - [INFO] [SERVER] [DATABASE] - Database connected
[08.02.2024 14:16:10 pm] - [INFO] [SERVER] - Server running on localhost port :3003
[08.02.2024 14:18:45 pm] - [INFO] [SERVER] [DATABASE] - Database connected
[08.02.2024 14:18:46 pm] - [INFO] [SERVER] - Server running on localhost port :3003
[08.02.2024 14:18:52 pm] - [INFO] [SERVER] [DATABASE] - Database connected
[08.02.2024 14:18:53 pm] - [INFO] [SERVER] - Server running on localhost port :3003
[08.02.2024 14:18:57 pm] - [INFO] [SERVER] [DATABASE] - Database connected
[08.02.2024 14:18:59 pm] - [INFO] [SERVER] - Server running on localhost port :3003
[08.02.2024 14:19:12 pm] - [INFO] [SERVER] [DATABASE] - Database connected
[08.02.2024 14:19:13 pm] - [INFO] [SERVER] - Server running on localhost port :3003
[08.02.2024 14:20:07 pm] - [INFO] [SERVER] [DATABASE] - Database connected
[08.02.2024 14:20:08 pm] - [INFO] [SERVER] - Server running on localhost port :3003
[08.02.2024 14:20:21 pm] - [INFO] [SERVER] [DATABASE] - Database connected
[08.02.2024 14:20:22 pm] - [INFO] [SERVER] - Server running on localhost port :3003
[08.02.2024 14:20:32 pm] - [INFO] [SERVER] [DATABASE] - Database connected
[08.02.2024 14:20:33 pm] - [INFO] [SERVER] - Server running on localhost port :3003
[08.02.2024 14:20:40 pm] - [INFO] [SERVER] [DATABASE] - Database connected
[08.02.2024 14:20:41 pm] - [INFO] [SERVER] - Server running on localhost port :3003
[08.02.2024 14:20:50 pm] - [INFO] [SERVER] [DATABASE] - Database connected
[08.02.2024 14:20:51 pm] - [INFO] [SERVER] - Server running on localhost port :3003
[08.02.2024 14:20:58 pm] - [INFO] [SERVER] [DATABASE] - Database connected
[08.02.2024 14:20:59 pm] - [INFO] [SERVER] - Server running on localhost port :3003
[08.02.2024 14:21:20 pm] - [INFO] [SERVER] [DATABASE] - Database connected
[08.02.2024 14:21:21 pm] - [INFO] [SERVER] - Server running on localhost port :3003
[08.02.2024 14:21:32 pm] - [INFO] [SERVER] [DATABASE] - Database connected
[08.02.2024 14:21:34 pm] - [INFO] [SERVER] - Server running on localhost port :3003
[08.02.2024 14:24:53 pm] - [INFO] [SERVER] [DATABASE] - Database connected
[08.02.2024 14:24:54 pm] - [INFO] [SERVER] - Server running on localhost port :3003
[08.02.2024 14:32:54 pm] - [INFO] [SERVER] [DATABASE] - Database connected
[08.02.2024 14:32:55 pm] - [INFO] [SERVER] - Server running on localhost port :3003
[08.02.2024 14:36:08 pm] - [INFO] [SERVER] [DATABASE] - Database connected
[08.02.2024 14:36:09 pm] - [INFO] [SERVER] - Server running on localhost port :3003
[08.02.2024 14:38:04 pm] - [INFO] [SERVER] [DATABASE] - Database connected
[08.02.2024 14:38:05 pm] - [INFO] [SERVER] - Server running on localhost port :3003
[08.02.2024 14:39:30 pm] - [INFO] [SERVER] [DATABASE] - Database connected
[08.02.2024 14:39:31 pm] - [INFO] [SERVER] - Server running on localhost port :3003
[08.02.2024 14:42:08 pm] - [INFO] [SERVER] [DATABASE] - Database connected
[08.02.2024 14:42:09 pm] - [INFO] [SERVER] - Server running on localhost port :3003
[08.02.2024 14:45:25 pm] - [INFO] [SERVER] [DATABASE] - Database connected
[08.02.2024 14:45:27 pm] - [INFO] [SERVER] - Server running on localhost port :3003
[08.02.2024 14:45:59 pm] - [INFO] [SERVER] [DATABASE] - Database connected
[08.02.2024 14:46:00 pm] - [INFO] [SERVER] - Server running on localhost port :3003
[08.02.2024 14:46:14 pm] - [INFO] [SERVER] [DATABASE] - Database connected
[08.02.2024 14:46:16 pm] - [INFO] [SERVER] - Server running on localhost port :3003
[08.02.2024 14:46:18 pm] - [INFO] [SERVER] [DATABASE] - Database connected
[08.02.2024 14:46:19 pm] - [INFO] [SERVER] - Server running on localhost port :3003
[08.02.2024 14:48:07 pm] - [INFO] [SERVER] [DATABASE] - Database connected
[08.02.2024 14:48:08 pm] - [INFO] [SERVER] - Server running on localhost port :3003
[08.02.2024 14:50:15 pm] - [INFO] [SERVER] [DATABASE] - Database connected
[08.02.2024 14:50:17 pm] - [INFO] [SERVER] - Server running on localhost port :3003
[08.02.2024 14:50:21 pm] - [INFO] [SERVER] [DATABASE] - Database connected
[08.02.2024 14:50:22 pm] - [INFO] [SERVER] - Server running on localhost port :3003
[08.02.2024 14:50:31 pm] - [INFO] [SERVER] [DATABASE] - Database connected
[08.02.2024 14:50:33 pm] - [INFO] [SERVER] - Server running on localhost port :3003
[08.02.2024 14:52:38 pm] - [INFO] [SERVER] [DATABASE] - Database connected
[08.02.2024 14:52:40 pm] - [INFO] [SERVER] - Server running on localhost port :3003
[08.02.2024 14:54:42 pm] - [INFO] [SERVER] [DATABASE] - Database connected
[08.02.2024 14:54:43 pm] - [INFO] [SERVER] - Server running on localhost port :3003
[08.02.2024 14:58:02 pm] - [INFO] [SERVER] [DATABASE] - Database connected
[08.02.2024 14:58:03 pm] - [INFO] [SERVER] - Server running on localhost port :3003
[08.02.2024 14:58:08 pm] - [INFO] [SERVER] [DATABASE] - Database connected
[08.02.2024 14:58:09 pm] - [INFO] [SERVER] - Server running on localhost port :3003
[08.02.2024 14:59:39 pm] - [INFO] [SERVER] [DATABASE] - Database connected
[08.02.2024 14:59:40 pm] - [INFO] [SERVER] - Server running on localhost port :3003
[08.02.2024 15:01:35 pm] - [INFO] [SERVER] [DATABASE] - Database connected
[08.02.2024 15:01:37 pm] - [INFO] [SERVER] - Server running on localhost port :3003
[08.02.2024 15:06:23 pm] - [INFO] [SERVER] [DATABASE] - Database connected
[08.02.2024 15:06:24 pm] - [INFO] [SERVER] - Server running on localhost port :3003
[08.02.2024 15:08:30 pm] - [INFO] [SERVER] [DATABASE] - Database connected
[08.02.2024 15:08:32 pm] - [INFO] [SERVER] - Server running on localhost port :3003
[08.02.2024 15:08:45 pm] - [INFO] [SERVER] [DATABASE] - Database connected
[08.02.2024 15:08:46 pm] - [INFO] [SERVER] - Server running on localhost port :3003
[08.02.2024 15:11:21 pm] - [INFO] [SERVER] [DATABASE] - Database connected
[08.02.2024 15:11:22 pm] - [INFO] [SERVER] - Server running on localhost port :3003
[08.02.2024 15:11:49 pm] - [INFO] [SERVER] [DATABASE] - Database connected
[08.02.2024 15:11:50 pm] - [INFO] [SERVER] - Server running on localhost port :3003
[08.02.2024 15:12:40 pm] - [INFO] [SERVER] [DATABASE] - Database connected
[08.02.2024 15:12:41 pm] - [INFO] [SERVER] - Server running on localhost port :3003
[08.02.2024 15:15:49 pm] - [INFO] [SERVER] [DATABASE] - Database connected
[08.02.2024 15:15:50 pm] - [INFO] [SERVER] - Server running on localhost port :3003
[08.02.2024 15:17:33 pm] - [INFO] [SERVER] [DATABASE] - Database connected
[08.02.2024 15:17:38 pm] - [INFO] [SERVER] - Server running on localhost port :3003
[08.02.2024 15:18:35 pm] - [INFO] [SERVER] [DATABASE] - Database connected
[08.02.2024 15:18:37 pm] - [INFO] [SERVER] - Server running on localhost port :3003
[08.02.2024 15:23:01 pm] - [INFO] [SERVER] [DATABASE] - Database connected
[08.02.2024 15:23:02 pm] - [INFO] [SERVER] - Server running on localhost port :3003
[08.02.2024 15:24:33 pm] - [INFO] [SERVER] [DATABASE] - Database connected
[08.02.2024 15:24:34 pm] - [INFO] [SERVER] - Server running on localhost port :3003
[08.02.2024 15:26:10 pm] - [INFO] [SERVER] [DATABASE] - Database connected
[08.02.2024 15:26:11 pm] - [INFO] [SERVER] - Server running on localhost port :3003
[08.02.2024 15:32:29 pm] - [INFO] [SERVER] [DATABASE] - Database connected
[08.02.2024 15:32:30 pm] - [INFO] [SERVER] - Server running on localhost port :3003
[08.02.2024 15:32:38 pm] - [INFO] [SERVER] [DATABASE] - Database connected
[08.02.2024 15:32:39 pm] - [INFO] [SERVER] - Server running on localhost port :3003
[08.02.2024 15:39:41 pm] - [INFO] [SERVER] [DATABASE] - Database connected
[08.02.2024 15:39:47 pm] - [INFO] [SERVER] - Server running on localhost port :3003
[08.02.2024 15:42:06 pm] - [INFO] [SERVER] [DATABASE] - Database connected
[08.02.2024 15:42:07 pm] - [INFO] [SERVER] - Server running on localhost port :3003
[08.02.2024 15:46:02 pm] - [INFO] [SERVER] [DATABASE] - Database connected
[08.02.2024 15:46:03 pm] - [INFO] [SERVER] - Server running on localhost port :3003
[08.02.2024 15:46:10 pm] - [INFO] [SERVER] [DATABASE] - Database connected
[08.02.2024 15:46:11 pm] - [INFO] [SERVER] - Server running on localhost port :3003
[08.02.2024 15:46:49 pm] - [INFO] [SERVER] [DATABASE] - Database connected
[08.02.2024 15:46:50 pm] - [INFO] [SERVER] - Server running on localhost port :3003
[08.02.2024 15:47:03 pm] - [INFO] [SERVER] [DATABASE] - Database connected
[08.02.2024 15:47:04 pm] - [INFO] [SERVER] - Server running on localhost port :3003
[08.02.2024 15:47:10 pm] - [INFO] [SERVER] [DATABASE] - Database connected
[08.02.2024 15:47:11 pm] - [INFO] [SERVER] - Server running on localhost port :3003
[08.02.2024 15:47:20 pm] - [INFO] [SERVER] [DATABASE] - Database connected
[08.02.2024 15:47:21 pm] - [INFO] [SERVER] - Server running on localhost port :3003
[08.02.2024 16:09:16 pm] - [INFO] [SERVER] [DATABASE] - Database connected
[08.02.2024 16:09:17 pm] - [INFO] [SERVER] - Server running on localhost port :3003
[08.02.2024 16:30:43 pm] - [INFO] [SERVER] [DATABASE] - Database connected
[08.02.2024 16:30:45 pm] - [INFO] [SERVER] - Server running on localhost port :3003
[08.02.2024 16:31:01 pm] - [INFO] [SERVER] [DATABASE] - Database connected
[08.02.2024 16:31:02 pm] - [INFO] [SERVER] - Server running on localhost port :3003
[08.02.2024 16:31:12 pm] - [INFO] [SERVER] [DATABASE] - Database connected
[08.02.2024 16:31:13 pm] - [INFO] [SERVER] - Server running on localhost port :3003
[08.02.2024 16:31:27 pm] - [INFO] [SERVER] [DATABASE] - Database connected
[08.02.2024 16:31:28 pm] - [INFO] [SERVER] - Server running on localhost port :3003
[08.02.2024 16:31:50 pm] - [INFO] [SERVER] [DATABASE] - Database connected
[08.02.2024 16:31:52 pm] - [INFO] [SERVER] - Server running on localhost port :3003
[08.02.2024 16:31:55 pm] - [INFO] [SERVER] [DATABASE] - Database connected
[08.02.2024 16:31:56 pm] - [INFO] [SERVER] - Server running on localhost port :3003
[08.02.2024 16:32:09 pm] - [INFO] [SERVER] [DATABASE] - Database connected
[08.02.2024 16:32:10 pm] - [INFO] [SERVER] - Server running on localhost port :3003
[08.02.2024 16:32:19 pm] - [INFO] [SERVER] [DATABASE] - Database connected
[08.02.2024 16:32:20 pm] - [INFO] [SERVER] - Server running on localhost port :3003
[08.02.2024 16:32:41 pm] - [INFO] [SERVER] [DATABASE] - Database connected
[08.02.2024 16:32:42 pm] - [INFO] [SERVER] - Server running on localhost port :3003
[08.02.2024 16:32:49 pm] - [INFO] [SERVER] [DATABASE] - Database connected
[08.02.2024 16:32:50 pm] - [INFO] [SERVER] - Server running on localhost port :3003
[08.02.2024 16:32:56 pm] - [INFO] [SERVER] [DATABASE] - Database connected
[08.02.2024 16:32:57 pm] - [INFO] [SERVER] - Server running on localhost port :3003
[08.02.2024 16:33:33 pm] - [INFO] [SERVER] [DATABASE] - Database connected
[08.02.2024 16:33:34 pm] - [INFO] [SERVER] - Server running on localhost port :3003
[08.02.2024 16:35:39 pm] - [INFO] [SERVER] [DATABASE] - Database connected
[08.02.2024 16:35:41 pm] - [INFO] [SERVER] - Server running on localhost port :3003
[08.02.2024 16:35:58 pm] - [INFO] [SERVER] [DATABASE] - Database connected
[08.02.2024 16:35:59 pm] - [INFO] [SERVER] - Server running on localhost port :3003
[08.02.2024 16:44:21 pm] - [INFO] [SERVER] [DATABASE] - Database connected
[08.02.2024 16:44:23 pm] - [INFO] [SERVER] - Server running on localhost port :3003
[08.02.2024 16:44:40 pm] - [INFO] [SERVER] [DATABASE] - Database connected
[08.02.2024 16:44:41 pm] - [INFO] [SERVER] - Server running on localhost port :3003
[08.02.2024 16:45:38 pm] - [INFO] [SERVER] [DATABASE] - Database connected
[08.02.2024 16:45:39 pm] - [INFO] [SERVER] - Server running on localhost port :3003
[08.02.2024 16:45:45 pm] - [INFO] [SERVER] [DATABASE] - Database connected
[08.02.2024 16:45:46 pm] - [INFO] [SERVER] - Server running on localhost port :3003
[08.02.2024 16:47:43 pm] - [INFO] [SERVER] [DATABASE] - Database connected
[08.02.2024 16:47:44 pm] - [INFO] [SERVER] - Server running on localhost port :3003
[08.02.2024 16:51:17 pm] - [INFO] [SERVER] [DATABASE] - Database connected
[08.02.2024 16:51:18 pm] - [INFO] [SERVER] - Server running on localhost port :3003
[08.02.2024 16:52:08 pm] - [INFO] [SERVER] [DATABASE] - Database connected
[08.02.2024 16:52:09 pm] - [INFO] [SERVER] - Server running on localhost port :3003
[08.02.2024 16:52:16 pm] - [INFO] [SERVER] [DATABASE] - Database connected
[08.02.2024 16:52:17 pm] - [INFO] [SERVER] - Server running on localhost port :3003
[08.02.2024 16:53:02 pm] - [INFO] [SERVER] [DATABASE] - Database connected
[08.02.2024 16:53:03 pm] - [INFO] [SERVER] - Server running on localhost port :3003
[08.02.2024 16:53:14 pm] - [INFO] [SERVER] [DATABASE] - Database connected
[08.02.2024 16:53:16 pm] - [INFO] [SERVER] - Server running on localhost port :3003
[08.02.2024 16:53:40 pm] - [INFO] [SERVER] [DATABASE] - Database connected
[08.02.2024 16:53:41 pm] - [INFO] [SERVER] - Server running on localhost port :3003
[08.02.2024 16:54:37 pm] - [INFO] [SERVER] [DATABASE] - Database connected
[08.02.2024 16:54:39 pm] - [INFO] [SERVER] - Server running on localhost port :3003
[08.02.2024 16:55:06 pm] - [INFO] [SERVER] [DATABASE] - Database connected
[08.02.2024 16:55:07 pm] - [INFO] [SERVER] - Server running on localhost port :3003
[08.02.2024 16:56:31 pm] - [INFO] [SERVER] [DATABASE] - Database connected
[08.02.2024 16:56:32 pm] - [INFO] [SERVER] - Server running on localhost port :3003
[08.02.2024 16:57:09 pm] - [INFO] [SERVER] [DATABASE] - Database connected
[08.02.2024 16:57:11 pm] - [INFO] [SERVER] - Server running on localhost port :3003
[08.02.2024 16:58:29 pm] - [INFO] [SERVER] [DATABASE] - Database connected
[08.02.2024 16:58:30 pm] - [INFO] [SERVER] - Server running on localhost port :3003
[08.02.2024 16:59:14 pm] - [INFO] [SERVER] [DATABASE] - Database connected
[08.02.2024 16:59:16 pm] - [INFO] [SERVER] - Server running on localhost port :3003
[08.02.2024 17:00:19 pm] - [INFO] [SERVER] [DATABASE] - Database connected
[08.02.2024 17:00:20 pm] - [INFO] [SERVER] - Server running on localhost port :3003
[08.02.2024 17:01:41 pm] - [INFO] [SERVER] [DATABASE] - Database connected
[08.02.2024 17:01:42 pm] - [INFO] [SERVER] - Server running on localhost port :3003
[08.02.2024 17:01:51 pm] - [INFO] [SERVER] [DATABASE] - Database connected
[08.02.2024 17:01:52 pm] - [INFO] [SERVER] - Server running on localhost port :3003
[08.02.2024 17:02:23 pm] - [INFO] [SERVER] [DATABASE] - Database connected
[08.02.2024 17:02:24 pm] - [INFO] [SERVER] - Server running on localhost port :3003
[08.02.2024 17:02:34 pm] - [INFO] [SERVER] [DATABASE] - Database connected
[08.02.2024 17:02:35 pm] - [INFO] [SERVER] - Server running on localhost port :3003
[08.02.2024 17:03:16 pm] - [INFO] [SERVER] [DATABASE] - Database connected
[08.02.2024 17:03:17 pm] - [INFO] [SERVER] - Server running on localhost port :3003
[08.02.2024 17:04:17 pm] - [INFO] [SERVER] [DATABASE] - Database connected
[08.02.2024 17:04:18 pm] - [INFO] [SERVER] - Server running on localhost port :3003
[08.02.2024 17:07:03 pm] - [INFO] [SERVER] [DATABASE] - Database connected
[08.02.2024 17:07:04 pm] - [INFO] [SERVER] - Server running on localhost port :3003
[08.02.2024 17:07:16 pm] - [INFO] [SERVER] [DATABASE] - Database connected
[08.02.2024 17:07:17 pm] - [INFO] [SERVER] - Server running on localhost port :3003
[08.02.2024 17:17:56 pm] - [INFO] [SERVER] [DATABASE] - Database connected
[08.02.2024 17:18:03 pm] - [INFO] [SERVER] - Server running on localhost port :3003
[08.02.2024 17:18:33 pm] - [INFO] [SERVER] [DATABASE] - Database connected
[08.02.2024 17:18:34 pm] - [INFO] [SERVER] - Server running on localhost port :3003
[08.02.2024 17:18:38 pm] - [INFO] [SERVER] [DATABASE] - Database connected
[08.02.2024 17:18:41 pm] - [INFO] [SERVER] - Server running on localhost port :3003
[08.02.2024 17:18:55 pm] - [INFO] [SERVER] [DATABASE] - Database connected
[08.02.2024 17:18:56 pm] - [INFO] [SERVER] - Server running on localhost port :3003
[08.02.2024 17:18:59 pm] - [INFO] [SERVER] [DATABASE] - Database connected
[08.02.2024 17:19:00 pm] - [INFO] [SERVER] - Server running on localhost port :3003
[08.02.2024 17:19:23 pm] - [INFO] [SERVER] [DATABASE] - Database connected
[08.02.2024 17:19:24 pm] - [INFO] [SERVER] - Server running on localhost port :3003
[08.02.2024 17:19:42 pm] - [INFO] [SERVER] [DATABASE] - Database connected
[08.02.2024 17:19:44 pm] - [INFO] [SERVER] - Server running on localhost port :3003
[08.02.2024 17:22:39 pm] - [INFO] [SERVER] [DATABASE] - Database connected
[08.02.2024 17:22:42 pm] - [INFO] [SERVER] - Server running on localhost port :3003
[08.02.2024 17:26:09 pm] - [INFO] [SERVER] [DATABASE] - Database connected
[08.02.2024 17:26:10 pm] - [INFO] [SERVER] - Server running on localhost port :3003
[08.02.2024 17:49:12 pm] - [INFO] [SERVER] [DATABASE] - Database connected
[08.02.2024 17:49:12 pm] - [INFO] [SERVER] - Server running on localhost port :3003
[08.02.2024 17:49:21 pm] - [INFO] [SERVER] [DATABASE] - Database connected
[08.02.2024 17:49:21 pm] - [INFO] [SERVER] - Server running on localhost port :3003
[08.02.2024 17:49:24 pm] - [INFO] [SERVER] [DATABASE] - Database connected
[08.02.2024 17:49:25 pm] - [INFO] [SERVER] - Server running on localhost port :3003
[08.02.2024 17:49:29 pm] - [INFO] [SERVER] [DATABASE] - Database connected
[08.02.2024 17:49:29 pm] - [INFO] [SERVER] - Server running on localhost port :3003
[08.02.2024 17:49:32 pm] - [INFO] [SERVER] [DATABASE] - Database connected
[08.02.2024 17:49:33 pm] - [INFO] [SERVER] - Server running on localhost port :3003
[08.02.2024 17:49:48 pm] - [INFO] [SERVER] [DATABASE] - Database connected
[08.02.2024 17:49:49 pm] - [INFO] [SERVER] - Server running on localhost port :3003
[08.02.2024 17:49:51 pm] - [INFO] [SERVER] [DATABASE] - Database connected
[08.02.2024 17:49:51 pm] - [INFO] [SERVER] - Server running on localhost port :3003
[08.02.2024 17:49:53 pm] - [INFO] [SERVER] [DATABASE] - Database connected
[08.02.2024 17:49:53 pm] - [INFO] [SERVER] - Server running on localhost port :3003
[08.02.2024 17:51:31 pm] - [INFO] [SERVER] [DATABASE] - Database connected
[08.02.2024 17:51:31 pm] - [INFO] [SERVER] - Server running on localhost port :3003
[08.02.2024 17:51:35 pm] - [INFO] [SERVER] [DATABASE] - Database connected
[08.02.2024 17:51:36 pm] - [INFO] [SERVER] - Server running on localhost port :3003
[08.02.2024 17:51:40 pm] - [INFO] [SERVER] [DATABASE] - Database connected
[08.02.2024 17:51:40 pm] - [INFO] [SERVER] - Server running on localhost port :3003
[08.02.2024 17:53:21 pm] - [INFO] [SERVER] [DATABASE] - Database connected
[08.02.2024 17:53:21 pm] - [INFO] [SERVER] - Server running on localhost port :3003
[08.02.2024 17:53:51 pm] - [INFO] [SERVER] [DATABASE] - Database connected
[08.02.2024 17:53:52 pm] - [INFO] [SERVER] - Server running on localhost port :3003
[08.02.2024 17:54:48 pm] - [INFO] [SERVER] [DATABASE] - Database connected
[08.02.2024 17:54:48 pm] - [INFO] [SERVER] - Server running on localhost port :3003
[08.02.2024 18:01:38 pm] - [INFO] [SERVER] [DATABASE] - Database connected
[08.02.2024 18:01:38 pm] - [INFO] [SERVER] - Server running on localhost port :3003
[08.02.2024 18:04:37 pm] - [INFO] [SERVER] [DATABASE] - Database connected
[08.02.2024 18:04:38 pm] - [INFO] [SERVER] - Server running on localhost port :3003
[08.02.2024 18:04:42 pm] - [INFO] [SERVER] [DATABASE] - Database connected
[08.02.2024 18:04:42 pm] - [INFO] [SERVER] - Server running on localhost port :3003
[08.02.2024 18:05:58 pm] - [INFO] [SERVER] [DATABASE] - Database connected
[08.02.2024 18:05:58 pm] - [INFO] [SERVER] - Server running on localhost port :3003
[08.02.2024 18:08:01 pm] - [INFO] [SERVER] [DATABASE] - Database connected
[08.02.2024 18:08:02 pm] - [INFO] [SERVER] - Server running on localhost port :3003
[08.02.2024 18:11:03 pm] - [INFO] [SERVER] [DATABASE] - Database connected
[08.02.2024 18:11:04 pm] - [INFO] [SERVER] - Server running on localhost port :3003
[08.02.2024 18:11:26 pm] - [INFO] [SERVER] [DATABASE] - Database connected
[08.02.2024 18:11:27 pm] - [INFO] [SERVER] - Server running on localhost port :3003
[08.02.2024 18:11:46 pm] - [INFO] [SERVER] [DATABASE] - Database connected
[08.02.2024 18:11:46 pm] - [INFO] [SERVER] - Server running on localhost port :3003
[08.02.2024 18:11:59 pm] - [INFO] [SERVER] [DATABASE] - Database connected
[08.02.2024 18:11:59 pm] - [INFO] [SERVER] - Server running on localhost port :3003
[08.02.2024 18:12:02 pm] - [INFO] [SERVER] [DATABASE] - Database connected
[08.02.2024 18:12:02 pm] - [INFO] [SERVER] - Server running on localhost port :3003
[08.02.2024 18:12:09 pm] - [INFO] [SERVER] [DATABASE] - Database connected
[08.02.2024 18:12:10 pm] - [INFO] [SERVER] - Server running on localhost port :3003
[08.02.2024 18:13:01 pm] - [INFO] [SERVER] [DATABASE] - Database connected
[08.02.2024 18:13:01 pm] - [INFO] [SERVER] - Server running on localhost port :3003
[08.02.2024 18:13:12 pm] - [INFO] [SERVER] [DATABASE] - Database connected
[08.02.2024 18:13:13 pm] - [INFO] [SERVER] - Server running on localhost port :3003
[08.02.2024 18:13:31 pm] - [INFO] [SERVER] [DATABASE] - Database connected
[08.02.2024 18:13:32 pm] - [INFO] [SERVER] - Server running on localhost port :3003
[08.02.2024 18:13:36 pm] - [INFO] [SERVER] [DATABASE] - Database connected
[08.02.2024 18:13:37 pm] - [INFO] [SERVER] - Server running on localhost port :3003
[08.02.2024 18:13:40 pm] - [INFO] [SERVER] [DATABASE] - Database connected
[08.02.2024 18:13:40 pm] - [INFO] [SERVER] - Server running on localhost port :3003
[08.02.2024 19:35:42 pm] - [INFO] [SERVER] [DATABASE] - Database connected
[08.02.2024 19:35:43 pm] - [INFO] [SERVER] - Server running on localhost port :3003
[08.02.2024 19:38:27 pm] - [INFO] [SERVER] [DATABASE] - Database connected
[08.02.2024 19:38:28 pm] - [INFO] [SERVER] - Server running on localhost port :3003
[08.02.2024 19:38:42 pm] - [INFO] [SERVER] [DATABASE] - Database connected
[08.02.2024 19:38:43 pm] - [INFO] [SERVER] - Server running on localhost port :3003
[08.02.2024 19:39:22 pm] - [INFO] [SERVER] [DATABASE] - Database connected
[08.02.2024 19:39:23 pm] - [INFO] [SERVER] - Server running on localhost port :3003
[08.02.2024 19:41:41 pm] - [INFO] [SERVER] [DATABASE] - Database connected
[08.02.2024 19:41:42 pm] - [INFO] [SERVER] - Server running on localhost port :3003
[08.02.2024 19:45:24 pm] - [INFO] [SERVER] [DATABASE] - Database connected
[08.02.2024 19:45:25 pm] - [INFO] [SERVER] - Server running on localhost port :3003
[08.02.2024 19:46:22 pm] - [INFO] [SERVER] [DATABASE] - Database connected
[08.02.2024 19:46:23 pm] - [INFO] [SERVER] - Server running on localhost port :3003
[08.02.2024 19:47:41 pm] - [INFO] [SERVER] [DATABASE] - Database connected
[08.02.2024 19:47:42 pm] - [INFO] [SERVER] - Server running on localhost port :3003
[08.02.2024 19:48:46 pm] - [INFO] [SERVER] [DATABASE] - Database connected
[08.02.2024 19:48:46 pm] - [INFO] [SERVER] - Server running on localhost port :3003
[08.02.2024 19:57:44 pm] - [INFO] [SERVER] [DATABASE] - Database connected
[08.02.2024 19:57:51 pm] - [INFO] [SERVER] - Server running on localhost port :3003
[08.02.2024 19:59:06 pm] - [INFO] [SERVER] [DATABASE] - Database connected
[08.02.2024 19:59:07 pm] - [INFO] [SERVER] - Server running on localhost port :3003
[08.02.2024 20:00:42 pm] - [INFO] [SERVER] [DATABASE] - Database connected
[08.02.2024 20:00:43 pm] - [INFO] [SERVER] - Server running on localhost port :3003
[08.02.2024 20:00:51 pm] - [INFO] [SERVER] [DATABASE] - Database connected
[08.02.2024 20:00:51 pm] - [INFO] [SERVER] - Server running on localhost port :3003
[08.02.2024 20:00:54 pm] - [INFO] [SERVER] [DATABASE] - Database connected
[08.02.2024 20:00:55 pm] - [INFO] [SERVER] - Server running on localhost port :3003
[08.02.2024 20:01:39 pm] - [INFO] [SERVER] [DATABASE] - Database connected
[08.02.2024 20:01:40 pm] - [INFO] [SERVER] - Server running on localhost port :3003
[08.02.2024 20:02:34 pm] - [INFO] [SERVER] [DATABASE] - Database connected
[08.02.2024 20:02:35 pm] - [INFO] [SERVER] - Server running on localhost port :3003
[08.02.2024 20:03:03 pm] - [INFO] [SERVER] [DATABASE] - Database connected
[08.02.2024 20:03:04 pm] - [INFO] [SERVER] - Server running on localhost port :3003
[08.02.2024 20:03:25 pm] - [INFO] [SERVER] [DATABASE] - Database connected
[08.02.2024 20:03:26 pm] - [INFO] [SERVER] - Server running on localhost port :3003
[08.02.2024 20:05:16 pm] - [INFO] [SERVER] [DATABASE] - Database connected
[08.02.2024 20:05:17 pm] - [INFO] [SERVER] - Server running on localhost port :3003
[08.02.2024 20:06:27 pm] - [INFO] [SERVER] [DATABASE] - Database connected
[08.02.2024 20:06:28 pm] - [INFO] [SERVER] - Server running on localhost port :3003
[08.02.2024 20:08:09 pm] - [INFO] [SERVER] [DATABASE] - Database connected
[08.02.2024 20:08:10 pm] - [INFO] [SERVER] - Server running on localhost port :3003
[08.02.2024 20:08:53 pm] - [INFO] [SERVER] [DATABASE] - Database connected
[08.02.2024 20:08:54 pm] - [INFO] [SERVER] - Server running on localhost port :3003
[08.02.2024 20:09:01 pm] - [INFO] [SERVER] [DATABASE] - Database connected
[08.02.2024 20:09:02 pm] - [INFO] [SERVER] - Server running on localhost port :3003
[08.02.2024 20:09:06 pm] - [INFO] [SERVER] [DATABASE] - Database connected
[08.02.2024 20:09:07 pm] - [INFO] [SERVER] - Server running on localhost port :3003
[08.02.2024 20:09:48 pm] - [INFO] [SERVER] [DATABASE] - Database connected
[08.02.2024 20:09:49 pm] - [INFO] [SERVER] - Server running on localhost port :3003
[08.02.2024 20:09:51 pm] - [INFO] [SERVER] [DATABASE] - Database connected
[08.02.2024 20:09:52 pm] - [INFO] [SERVER] - Server running on localhost port :3003
[08.02.2024 20:10:33 pm] - [INFO] [SERVER] [DATABASE] - Database connected
[08.02.2024 20:10:34 pm] - [INFO] [SERVER] - Server running on localhost port :3003
[08.02.2024 20:10:49 pm] - [INFO] [SERVER] [DATABASE] - Database connected
[08.02.2024 20:10:50 pm] - [INFO] [SERVER] - Server running on localhost port :3003
[08.02.2024 20:11:32 pm] - [INFO] [SERVER] [DATABASE] - Database connected
[08.02.2024 20:11:33 pm] - [INFO] [SERVER] - Server running on localhost port :3003
[08.02.2024 20:11:47 pm] - [INFO] [SERVER] [DATABASE] - Database connected
[08.02.2024 20:11:48 pm] - [INFO] [SERVER] - Server running on localhost port :3003
[08.02.2024 20:12:02 pm] - [INFO] [SERVER] [DATABASE] - Database connected
[08.02.2024 20:12:03 pm] - [INFO] [SERVER] - Server running on localhost port :3003
[08.02.2024 20:12:17 pm] - [INFO] [SERVER] [DATABASE] - Database connected
[08.02.2024 20:12:18 pm] - [INFO] [SERVER] - Server running on localhost port :3003
[08.02.2024 20:12:21 pm] - [INFO] [SERVER] [DATABASE] - Database connected
[08.02.2024 20:12:21 pm] - [INFO] [SERVER] - Server running on localhost port :3003
[08.02.2024 20:12:24 pm] - [INFO] [SERVER] [DATABASE] - Database connected
[08.02.2024 20:12:25 pm] - [INFO] [SERVER] - Server running on localhost port :3003
[08.02.2024 20:12:43 pm] - [INFO] [SERVER] [DATABASE] - Database connected
[08.02.2024 20:12:43 pm] - [INFO] [SERVER] - Server running on localhost port :3003
[08.02.2024 20:13:18 pm] - [INFO] [SERVER] [DATABASE] - Database connected
[08.02.2024 20:13:19 pm] - [INFO] [SERVER] - Server running on localhost port :3003
[08.02.2024 20:15:12 pm] - [INFO] [SERVER] [DATABASE] - Database connected
[08.02.2024 20:15:12 pm] - [INFO] [SERVER] - Server running on localhost port :3003
[08.02.2024 20:15:28 pm] - [INFO] [SERVER] [DATABASE] - Database connected
[08.02.2024 20:15:29 pm] - [INFO] [SERVER] - Server running on localhost port :3003
[08.02.2024 20:15:42 pm] - [INFO] [SERVER] [DATABASE] - Database connected
[08.02.2024 20:15:43 pm] - [INFO] [SERVER] - Server running on localhost port :3003
[08.02.2024 20:16:16 pm] - [INFO] [SERVER] [DATABASE] - Database connected
[08.02.2024 20:16:17 pm] - [INFO] [SERVER] - Server running on localhost port :3003
[08.02.2024 20:16:43 pm] - [INFO] [SERVER] [DATABASE] - Database connected
[08.02.2024 20:16:43 pm] - [INFO] [SERVER] - Server running on localhost port :3003
[08.02.2024 20:18:07 pm] - [INFO] [SERVER] [DATABASE] - Database connected
[08.02.2024 20:18:07 pm] - [INFO] [SERVER] - Server running on localhost port :3003
[08.02.2024 20:18:36 pm] - [INFO] [SERVER] [DATABASE] - Database connected
[08.02.2024 20:18:37 pm] - [INFO] [SERVER] - Server running on localhost port :3003
[08.02.2024 20:19:15 pm] - [INFO] [SERVER] [DATABASE] - Database connected
[08.02.2024 20:19:16 pm] - [INFO] [SERVER] - Server running on localhost port :3003
[08.02.2024 20:19:26 pm] - [INFO] [SERVER] [DATABASE] - Database connected
[08.02.2024 20:19:27 pm] - [INFO] [SERVER] - Server running on localhost port :3003
[08.02.2024 20:19:43 pm] - [INFO] [SERVER] [DATABASE] - Database connected
[08.02.2024 20:19:44 pm] - [INFO] [SERVER] - Server running on localhost port :3003
[08.02.2024 20:19:55 pm] - [INFO] [SERVER] [DATABASE] - Database connected
[08.02.2024 20:19:55 pm] - [INFO] [SERVER] - Server running on localhost port :3003
[08.02.2024 20:20:38 pm] - [INFO] [SERVER] [DATABASE] - Database connected
[08.02.2024 20:20:39 pm] - [INFO] [SERVER] - Server running on localhost port :3003
[08.02.2024 20:21:03 pm] - [INFO] [SERVER] [DATABASE] - Database connected
[08.02.2024 20:21:04 pm] - [INFO] [SERVER] - Server running on localhost port :3003
[08.02.2024 20:21:23 pm] - [INFO] [SERVER] [DATABASE] - Database connected
[08.02.2024 20:21:23 pm] - [INFO] [SERVER] - Server running on localhost port :3003
[08.02.2024 20:21:51 pm] - [INFO] [SERVER] [DATABASE] - Database connected
[08.02.2024 20:21:52 pm] - [INFO] [SERVER] - Server running on localhost port :3003
[08.02.2024 20:22:07 pm] - [INFO] [SERVER] [DATABASE] - Database connected
[08.02.2024 20:22:08 pm] - [INFO] [SERVER] - Server running on localhost port :3003
[08.02.2024 20:23:06 pm] - [INFO] [SERVER] [DATABASE] - Database connected
[08.02.2024 20:23:07 pm] - [INFO] [SERVER] - Server running on localhost port :3003
[08.02.2024 20:23:12 pm] - [INFO] [SERVER] [DATABASE] - Database connected
[08.02.2024 20:23:13 pm] - [INFO] [SERVER] - Server running on localhost port :3003
[08.02.2024 20:24:05 pm] - [INFO] [SERVER] [DATABASE] - Database connected
[08.02.2024 20:24:05 pm] - [INFO] [SERVER] - Server running on localhost port :3003
[08.02.2024 20:25:54 pm] - [INFO] [SERVER] [DATABASE] - Database connected
[08.02.2024 20:25:55 pm] - [INFO] [SERVER] - Server running on localhost port :3003
[08.02.2024 20:30:31 pm] - [INFO] [SERVER] [DATABASE] - Database connected
[08.02.2024 20:30:32 pm] - [INFO] [SERVER] - Server running on localhost port :3003
[08.02.2024 20:30:44 pm] - [INFO] [SERVER] [DATABASE] - Database connected
[08.02.2024 20:30:45 pm] - [INFO] [SERVER] - Server running on localhost port :3003
[08.02.2024 20:32:06 pm] - [INFO] [SERVER] [DATABASE] - Database connected
[08.02.2024 20:32:07 pm] - [INFO] [SERVER] - Server running on localhost port :3003
[08.02.2024 20:32:33 pm] - [INFO] [SERVER] [DATABASE] - Database connected
[08.02.2024 20:32:34 pm] - [INFO] [SERVER] - Server running on localhost port :3003
[08.02.2024 20:32:45 pm] - [INFO] [SERVER] [DATABASE] - Database connected
[08.02.2024 20:32:46 pm] - [INFO] [SERVER] - Server running on localhost port :3003
[08.02.2024 20:32:55 pm] - [INFO] [SERVER] [DATABASE] - Database connected
[08.02.2024 20:32:56 pm] - [INFO] [SERVER] - Server running on localhost port :3003
[08.02.2024 20:34:07 pm] - [INFO] [SERVER] [DATABASE] - Database connected
[08.02.2024 20:34:07 pm] - [INFO] [SERVER] - Server running on localhost port :3003
[08.02.2024 20:34:35 pm] - [INFO] [SERVER] [DATABASE] - Database connected
[08.02.2024 20:34:36 pm] - [INFO] [SERVER] - Server running on localhost port :3003
[08.02.2024 20:35:08 pm] - [INFO] [SERVER] [DATABASE] - Database connected
[08.02.2024 20:35:09 pm] - [INFO] [SERVER] - Server running on localhost port :3003
[08.02.2024 20:35:18 pm] - [INFO] [SERVER] [DATABASE] - Database connected
[08.02.2024 20:35:19 pm] - [INFO] [SERVER] - Server running on localhost port :3003
[08.02.2024 20:35:40 pm] - [INFO] [SERVER] [DATABASE] - Database connected
[08.02.2024 20:35:41 pm] - [INFO] [SERVER] - Server running on localhost port :3003
[08.02.2024 20:35:46 pm] - [INFO] [SERVER] [DATABASE] - Database connected
[08.02.2024 20:35:47 pm] - [INFO] [SERVER] - Server running on localhost port :3003
[08.02.2024 20:36:00 pm] - [INFO] [SERVER] [DATABASE] - Database connected
[08.02.2024 20:36:01 pm] - [INFO] [SERVER] - Server running on localhost port :3003
[08.02.2024 20:36:14 pm] - [INFO] [SERVER] [DATABASE] - Database connected
[08.02.2024 20:36:15 pm] - [INFO] [SERVER] - Server running on localhost port :3003
[09.02.2024 08:36:42 am] - [INFO] [SERVER] [DATABASE] - Database connected
[09.02.2024 08:38:11 am] - [INFO] [SERVER] [DATABASE] - Database connected
[09.02.2024 08:38:11 am] - [INFO] [SERVER] - Server running on localhost port :3003
[09.02.2024 08:38:57 am] - [INFO] [SERVER] [DATABASE] - Database connected
[09.02.2024 08:38:58 am] - [INFO] [SERVER] - Server running on localhost port :3003
[09.02.2024 08:39:15 am] - [INFO] [SERVER] [DATABASE] - Database connected
[09.02.2024 08:39:15 am] - [INFO] [SERVER] - Server running on localhost port :3003
[09.02.2024 08:41:29 am] - [INFO] [SERVER] [DATABASE] - Database connected
[09.02.2024 08:41:30 am] - [INFO] [SERVER] - Server running on localhost port :3003
[09.02.2024 08:42:25 am] - [INFO] [SERVER] [DATABASE] - Database connected
[09.02.2024 08:42:26 am] - [INFO] [SERVER] - Server running on localhost port :3003
[09.02.2024 08:42:44 am] - [INFO] [SERVER] [DATABASE] - Database connected
[09.02.2024 08:42:45 am] - [INFO] [SERVER] - Server running on localhost port :3003
[09.02.2024 08:43:16 am] - [INFO] [SERVER] [DATABASE] - Database connected
[09.02.2024 08:43:16 am] - [INFO] [SERVER] - Server running on localhost port :3003
[09.02.2024 08:44:42 am] - [INFO] [SERVER] [DATABASE] - Database connected
[09.02.2024 08:44:42 am] - [INFO] [SERVER] - Server running on localhost port :3003
[09.02.2024 08:44:52 am] - [INFO] [SERVER] [DATABASE] - Database connected
[09.02.2024 08:44:53 am] - [INFO] [SERVER] - Server running on localhost port :3003
[09.02.2024 08:45:26 am] - [INFO] [SERVER] [DATABASE] - Database connected
[09.02.2024 08:45:27 am] - [INFO] [SERVER] - Server running on localhost port :3003
[09.02.2024 08:50:01 am] - [INFO] [SERVER] [DATABASE] - Database connected
[09.02.2024 08:50:01 am] - [INFO] [SERVER] - Server running on localhost port :3003
[09.02.2024 08:50:42 am] - [INFO] [SERVER] [DATABASE] - Database connected
[09.02.2024 08:50:43 am] - [INFO] [SERVER] - Server running on localhost port :3003
[09.02.2024 08:52:28 am] - [INFO] [SERVER] [DATABASE] - Database connected
[09.02.2024 08:52:28 am] - [INFO] [SERVER] - Server running on localhost port :3003
[09.02.2024 08:52:35 am] - [INFO] [SERVER] [DATABASE] - Database connected
[09.02.2024 08:52:35 am] - [INFO] [SERVER] - Server running on localhost port :3003
[09.02.2024 08:52:37 am] - [INFO] [SERVER] [DATABASE] - Database connected
[09.02.2024 08:52:38 am] - [INFO] [SERVER] - Server running on localhost port :3003
[09.02.2024 08:56:27 am] - [INFO] [SERVER] [DATABASE] - Database connected
[09.02.2024 08:56:28 am] - [INFO] [SERVER] - Server running on localhost port :3003
[09.02.2024 08:56:47 am] - [INFO] [SERVER] [DATABASE] - Database connected
[09.02.2024 08:56:47 am] - [INFO] [SERVER] - Server running on localhost port :3003
[09.02.2024 08:56:56 am] - [INFO] [SERVER] [DATABASE] - Database connected
[09.02.2024 08:56:57 am] - [INFO] [SERVER] - Server running on localhost port :3003
[09.02.2024 08:57:14 am] - [INFO] [SERVER] [DATABASE] - Database connected
[09.02.2024 08:57:15 am] - [INFO] [SERVER] - Server running on localhost port :3003
[09.02.2024 08:57:17 am] - [INFO] [SERVER] [DATABASE] - Database connected
[09.02.2024 08:57:18 am] - [INFO] [SERVER] - Server running on localhost port :3003
[09.02.2024 08:59:16 am] - [INFO] [SERVER] [DATABASE] - Database connected
[09.02.2024 08:59:17 am] - [INFO] [SERVER] - Server running on localhost port :3003
[09.02.2024 09:02:48 am] - [INFO] [SERVER] [DATABASE] - Database connected
[09.02.2024 09:02:59 am] - [INFO] [SERVER] - Server running on localhost port :3003
[09.02.2024 09:04:40 am] - [INFO] [SERVER] [DATABASE] - Database connected
[09.02.2024 09:04:40 am] - [INFO] [SERVER] - Server running on localhost port :3003
[09.02.2024 09:06:52 am] - [INFO] [SERVER] [DATABASE] - Database connected
[09.02.2024 09:06:53 am] - [INFO] [SERVER] - Server running on localhost port :3003
[09.02.2024 09:12:49 am] - [INFO] [SERVER] [DATABASE] - Database connected
[09.02.2024 09:12:49 am] - [INFO] [SERVER] - Server running on localhost port :3003
[09.02.2024 09:13:12 am] - [INFO] [SERVER] [DATABASE] - Database connected
[09.02.2024 09:13:12 am] - [INFO] [SERVER] - Server running on localhost port :3003
[09.02.2024 09:20:08 am] - [INFO] [SERVER] [DATABASE] - Database connected
[09.02.2024 09:20:08 am] - [INFO] [SERVER] - Server running on localhost port :3003
[09.02.2024 09:21:14 am] - [INFO] [SERVER] [DATABASE] - Database connected
[09.02.2024 09:21:14 am] - [INFO] [SERVER] - Server running on localhost port :3003
[09.02.2024 09:21:42 am] - [INFO] [SERVER] [DATABASE] - Database connected
[09.02.2024 09:21:43 am] - [INFO] [SERVER] - Server running on localhost port :3003
[09.02.2024 09:21:45 am] - [INFO] [SERVER] [DATABASE] - Database connected
[09.02.2024 09:21:46 am] - [INFO] [SERVER] - Server running on localhost port :3003
[09.02.2024 09:21:59 am] - [INFO] [SERVER] [DATABASE] - Database connected
[09.02.2024 09:21:59 am] - [INFO] [SERVER] - Server running on localhost port :3003
[09.02.2024 09:22:12 am] - [INFO] [SERVER] [DATABASE] - Database connected
[09.02.2024 09:22:12 am] - [INFO] [SERVER] - Server running on localhost port :3003
[09.02.2024 09:22:17 am] - [INFO] [SERVER] [DATABASE] - Database connected
[09.02.2024 09:22:17 am] - [INFO] [SERVER] - Server running on localhost port :3003
[09.02.2024 09:23:13 am] - [INFO] [SERVER] [DATABASE] - Database connected
[09.02.2024 09:23:14 am] - [INFO] [SERVER] - Server running on localhost port :3003
[09.02.2024 09:23:53 am] - [INFO] [SERVER] [DATABASE] - Database connected
[09.02.2024 09:23:53 am] - [INFO] [SERVER] - Server running on localhost port :3003
[09.02.2024 09:24:29 am] - [INFO] [SERVER] [DATABASE] - Database connected
[09.02.2024 09:24:30 am] - [INFO] [SERVER] - Server running on localhost port :3003
[09.02.2024 09:24:41 am] - [INFO] [SERVER] [DATABASE] - Database connected
[09.02.2024 09:24:42 am] - [INFO] [SERVER] - Server running on localhost port :3003
[09.02.2024 09:25:16 am] - [INFO] [SERVER] [DATABASE] - Database connected
[09.02.2024 09:25:17 am] - [INFO] [SERVER] - Server running on localhost port :3003
[09.02.2024 09:26:32 am] - [INFO] [SERVER] [DATABASE] - Database connected
[09.02.2024 09:26:32 am] - [INFO] [SERVER] - Server running on localhost port :3003
[09.02.2024 09:26:54 am] - [INFO] [SERVER] [DATABASE] - Database connected
[09.02.2024 09:26:54 am] - [INFO] [SERVER] - Server running on localhost port :3003
[09.02.2024 09:27:00 am] - [INFO] [SERVER] [DATABASE] - Database connected
[09.02.2024 09:27:01 am] - [INFO] [SERVER] - Server running on localhost port :3003
[09.02.2024 09:27:04 am] - [INFO] [SERVER] [DATABASE] - Database connected
[09.02.2024 09:27:04 am] - [INFO] [SERVER] - Server running on localhost port :3003
[09.02.2024 09:28:47 am] - [INFO] [SERVER] [DATABASE] - Database connected
[09.02.2024 09:28:47 am] - [INFO] [SERVER] - Server running on localhost port :3003
[09.02.2024 09:31:56 am] - [INFO] [SERVER] [DATABASE] - Database connected
[09.02.2024 09:31:57 am] - [INFO] [SERVER] - Server running on localhost port :3003
[09.02.2024 09:32:04 am] - [INFO] [SERVER] [DATABASE] - Database connected
[09.02.2024 09:32:05 am] - [INFO] [SERVER] - Server running on localhost port :3003
[09.02.2024 09:40:54 am] - [INFO] [SERVER] [DATABASE] - Database connected
[09.02.2024 09:40:54 am] - [INFO] [SERVER] - Server running on localhost port :3003
[09.02.2024 09:41:44 am] - [INFO] [SERVER] [DATABASE] - Database connected
[09.02.2024 09:41:45 am] - [INFO] [SERVER] - Server running on localhost port :3003
[09.02.2024 09:41:48 am] - [INFO] [SERVER] [DATABASE] - Database connected
[09.02.2024 09:41:49 am] - [INFO] [SERVER] - Server running on localhost port :3003
[09.02.2024 09:41:53 am] - [INFO] [SERVER] [DATABASE] - Database connected
[09.02.2024 09:41:54 am] - [INFO] [SERVER] - Server running on localhost port :3003
[09.02.2024 09:45:44 am] - [INFO] [SERVER] [DATABASE] - Database connected
[09.02.2024 09:45:45 am] - [INFO] [SERVER] - Server running on localhost port :3003
[09.02.2024 09:45:47 am] - [INFO] [SERVER] [DATABASE] - Database connected
[09.02.2024 09:45:47 am] - [INFO] [SERVER] - Server running on localhost port :3003
[09.02.2024 09:45:50 am] - [INFO] [SERVER] [DATABASE] - Database connected
[09.02.2024 09:45:51 am] - [INFO] [SERVER] - Server running on localhost port :3003
[09.02.2024 09:53:49 am] - [INFO] [SERVER] [DATABASE] - Database connected
[09.02.2024 09:53:50 am] - [INFO] [SERVER] - Server running on localhost port :3003
[09.02.2024 09:55:11 am] - [INFO] [SERVER] [DATABASE] - Database connected
[09.02.2024 09:55:12 am] - [INFO] [SERVER] - Server running on localhost port :3003
[09.02.2024 09:55:43 am] - [INFO] [SERVER] [DATABASE] - Database connected
[09.02.2024 09:55:44 am] - [INFO] [SERVER] - Server running on localhost port :3003
[09.02.2024 09:57:37 am] - [INFO] [SERVER] [DATABASE] - Database connected
[09.02.2024 09:57:38 am] - [INFO] [SERVER] - Server running on localhost port :3003
[09.02.2024 09:58:09 am] - [INFO] [SERVER] [DATABASE] - Database connected
[09.02.2024 09:58:10 am] - [INFO] [SERVER] - Server running on localhost port :3003
[09.02.2024 09:59:42 am] - [INFO] [SERVER] [DATABASE] - Database connected
[09.02.2024 09:59:43 am] - [INFO] [SERVER] - Server running on localhost port :3003
[09.02.2024 10:00:13 am] - [INFO] [SERVER] [DATABASE] - Database connected
[09.02.2024 10:00:13 am] - [INFO] [SERVER] - Server running on localhost port :3003
[09.02.2024 10:00:49 am] - [INFO] [SERVER] [DATABASE] - Database connected
[09.02.2024 10:00:50 am] - [INFO] [SERVER] - Server running on localhost port :3003
[09.02.2024 10:01:14 am] - [INFO] [SERVER] [DATABASE] - Database connected
[09.02.2024 10:01:15 am] - [INFO] [SERVER] - Server running on localhost port :3003
[09.02.2024 10:01:54 am] - [INFO] [SERVER] [DATABASE] - Database connected
[09.02.2024 10:01:55 am] - [INFO] [SERVER] - Server running on localhost port :3003
[09.02.2024 10:01:57 am] - [INFO] [SERVER] [DATABASE] - Database connected
[09.02.2024 10:01:57 am] - [INFO] [SERVER] - Server running on localhost port :3003
[09.02.2024 10:02:06 am] - [INFO] [SERVER] [DATABASE] - Database connected
[09.02.2024 10:02:06 am] - [INFO] [SERVER] - Server running on localhost port :3003
[09.02.2024 10:02:10 am] - [INFO] [SERVER] [DATABASE] - Database connected
[09.02.2024 10:02:11 am] - [INFO] [SERVER] - Server running on localhost port :3003
[09.02.2024 10:02:23 am] - [INFO] [SERVER] [DATABASE] - Database connected
[09.02.2024 10:02:23 am] - [INFO] [SERVER] - Server running on localhost port :3003
[09.02.2024 10:03:35 am] - [INFO] [SERVER] [DATABASE] - Database connected
[09.02.2024 10:03:36 am] - [INFO] [SERVER] - Server running on localhost port :3003
[09.02.2024 10:05:16 am] - [INFO] [SERVER] [DATABASE] - Database connected
[09.02.2024 10:05:16 am] - [INFO] [SERVER] - Server running on localhost port :3003
[09.02.2024 10:05:19 am] - [INFO] [SERVER] [DATABASE] - Database connected
[09.02.2024 10:05:20 am] - [INFO] [SERVER] - Server running on localhost port :3003
[09.02.2024 10:06:10 am] - [INFO] [SERVER] [DATABASE] - Database connected
[09.02.2024 10:06:11 am] - [INFO] [SERVER] - Server running on localhost port :3003
[09.02.2024 10:06:34 am] - [INFO] [SERVER] [DATABASE] - Database connected
[09.02.2024 10:06:34 am] - [INFO] [SERVER] - Server running on localhost port :3003
[09.02.2024 10:06:42 am] - [INFO] [SERVER] [DATABASE] - Database connected
[09.02.2024 10:06:43 am] - [INFO] [SERVER] - Server running on localhost port :3003
[09.02.2024 10:09:51 am] - [INFO] [SERVER] [DATABASE] - Database connected
[09.02.2024 10:09:52 am] - [INFO] [SERVER] - Server running on localhost port :3003
[09.02.2024 10:09:56 am] - [INFO] [SERVER] [DATABASE] - Database connected
[09.02.2024 10:09:57 am] - [INFO] [SERVER] - Server running on localhost port :3003
[09.02.2024 10:11:01 am] - [INFO] [SERVER] [DATABASE] - Database connected
[09.02.2024 10:11:02 am] - [INFO] [SERVER] - Server running on localhost port :3003
[09.02.2024 10:11:32 am] - [INFO] [SERVER] [DATABASE] - Database connected
[09.02.2024 10:11:32 am] - [INFO] [SERVER] - Server running on localhost port :3003
[09.02.2024 10:11:38 am] - [INFO] [SERVER] [DATABASE] - Database connected
[09.02.2024 10:11:38 am] - [INFO] [SERVER] - Server running on localhost port :3003
[09.02.2024 10:13:00 am] - [INFO] [SERVER] [DATABASE] - Database connected
[09.02.2024 10:13:00 am] - [INFO] [SERVER] - Server running on localhost port :3003
[09.02.2024 10:13:08 am] - [INFO] [SERVER] [DATABASE] - Database connected
[09.02.2024 10:13:09 am] - [INFO] [SERVER] - Server running on localhost port :3003
[09.02.2024 10:13:32 am] - [INFO] [SERVER] [DATABASE] - Database connected
[09.02.2024 10:13:32 am] - [INFO] [SERVER] - Server running on localhost port :3003
[09.02.2024 10:13:35 am] - [INFO] [SERVER] [DATABASE] - Database connected
[09.02.2024 10:13:36 am] - [INFO] [SERVER] - Server running on localhost port :3003
[09.02.2024 10:13:48 am] - [INFO] [SERVER] [DATABASE] - Database connected
[09.02.2024 10:13:48 am] - [INFO] [SERVER] - Server running on localhost port :3003
[09.02.2024 10:13:50 am] - [INFO] [SERVER] [DATABASE] - Database connected
[09.02.2024 10:13:51 am] - [INFO] [SERVER] - Server running on localhost port :3003
[09.02.2024 10:26:52 am] - [INFO] [SERVER] [DATABASE] - Database connected
[09.02.2024 10:26:52 am] - [INFO] [SERVER] - Server running on localhost port :3003
[09.02.2024 10:27:03 am] - [INFO] [SERVER] [DATABASE] - Database connected
[09.02.2024 10:27:04 am] - [INFO] [SERVER] - Server running on localhost port :3003
[09.02.2024 10:27:35 am] - [INFO] [SERVER] [DATABASE] - Database connected
[09.02.2024 10:27:36 am] - [INFO] [SERVER] - Server running on localhost port :3003
[09.02.2024 10:29:20 am] - [INFO] [SERVER] [DATABASE] - Database connected
[09.02.2024 10:29:21 am] - [INFO] [SERVER] - Server running on localhost port :3003
[09.02.2024 10:29:42 am] - [INFO] [SERVER] [DATABASE] - Database connected
[09.02.2024 10:29:42 am] - [INFO] [SERVER] - Server running on localhost port :3003
[09.02.2024 10:29:44 am] - [INFO] [SERVER] [DATABASE] - Database connected
[09.02.2024 10:29:45 am] - [INFO] [SERVER] - Server running on localhost port :3003
[09.02.2024 10:36:11 am] - [INFO] [SERVER] [DATABASE] - Database connected
[09.02.2024 10:36:12 am] - [INFO] [SERVER] - Server running on localhost port :3003
[09.02.2024 10:36:58 am] - [INFO] [SERVER] [DATABASE] - Database connected
[09.02.2024 10:36:59 am] - [INFO] [SERVER] - Server running on localhost port :3003
[09.02.2024 10:37:03 am] - [INFO] [SERVER] [DATABASE] - Database connected
[09.02.2024 10:37:04 am] - [INFO] [SERVER] - Server running on localhost port :3003
[09.02.2024 10:37:05 am] - [INFO] [SERVER] [DATABASE] - Database connected
[09.02.2024 10:37:06 am] - [INFO] [SERVER] - Server running on localhost port :3003
[09.02.2024 10:37:16 am] - [INFO] [SERVER] [DATABASE] - Database connected
[09.02.2024 10:37:16 am] - [INFO] [SERVER] - Server running on localhost port :3003
[09.02.2024 10:37:18 am] - [INFO] [SERVER] [DATABASE] - Database connected
[09.02.2024 10:37:18 am] - [INFO] [SERVER] - Server running on localhost port :3003
[09.02.2024 10:40:32 am] - [INFO] [SERVER] [DATABASE] - Database connected
[09.02.2024 10:40:32 am] - [INFO] [SERVER] - Server running on localhost port :3003
[09.02.2024 10:40:40 am] - [INFO] [SERVER] [DATABASE] - Database connected
[09.02.2024 10:40:41 am] - [INFO] [SERVER] - Server running on localhost port :3003
[09.02.2024 10:41:31 am] - [INFO] [SERVER] [DATABASE] - Database connected
[09.02.2024 10:41:32 am] - [INFO] [SERVER] - Server running on localhost port :3003
[09.02.2024 10:43:11 am] - [INFO] [SERVER] [DATABASE] - Database connected
[09.02.2024 10:43:11 am] - [INFO] [SERVER] - Server running on localhost port :3003
[09.02.2024 10:45:26 am] - [INFO] [SERVER] [DATABASE] - Database connected
[09.02.2024 10:45:27 am] - [INFO] [SERVER] - Server running on localhost port :3003
[09.02.2024 10:50:35 am] - [INFO] [SERVER] [DATABASE] - Database connected
[09.02.2024 10:50:36 am] - [INFO] [SERVER] - Server running on localhost port :3003
[09.02.2024 10:50:39 am] - [INFO] [SERVER] [DATABASE] - Database connected
[09.02.2024 10:50:39 am] - [INFO] [SERVER] - Server running on localhost port :3003
[09.02.2024 10:52:18 am] - [INFO] [SERVER] [DATABASE] - Database connected
[09.02.2024 10:52:19 am] - [INFO] [SERVER] - Server running on localhost port :3003
[09.02.2024 10:52:36 am] - [INFO] [SERVER] [DATABASE] - Database connected
[09.02.2024 10:52:36 am] - [INFO] [SERVER] - Server running on localhost port :3003
[09.02.2024 10:54:17 am] - [INFO] [SERVER] [DATABASE] - Database connected
[09.02.2024 10:54:18 am] - [INFO] [SERVER] - Server running on localhost port :3003
[09.02.2024 10:54:42 am] - [INFO] [SERVER] [DATABASE] - Database connected
[09.02.2024 10:54:43 am] - [INFO] [SERVER] - Server running on localhost port :3003
[09.02.2024 10:54:45 am] - [INFO] [SERVER] [DATABASE] - Database connected
[09.02.2024 10:54:46 am] - [INFO] [SERVER] - Server running on localhost port :3003
[09.02.2024 10:54:47 am] - [INFO] [SERVER] [DATABASE] - Database connected
[09.02.2024 10:54:48 am] - [INFO] [SERVER] - Server running on localhost port :3003
[09.02.2024 10:55:30 am] - [INFO] [SERVER] [DATABASE] - Database connected
[09.02.2024 10:55:30 am] - [INFO] [SERVER] - Server running on localhost port :3003
[09.02.2024 10:55:59 am] - [INFO] [SERVER] [DATABASE] - Database connected
[09.02.2024 10:56:00 am] - [INFO] [SERVER] - Server running on localhost port :3003
[09.02.2024 10:56:21 am] - [INFO] [SERVER] [DATABASE] - Database connected
[09.02.2024 10:56:22 am] - [INFO] [SERVER] - Server running on localhost port :3003
[09.02.2024 10:56:30 am] - [INFO] [SERVER] [DATABASE] - Database connected
[09.02.2024 10:56:30 am] - [INFO] [SERVER] - Server running on localhost port :3003
[09.02.2024 10:56:35 am] - [INFO] [SERVER] [DATABASE] - Database connected
[09.02.2024 10:56:35 am] - [INFO] [SERVER] - Server running on localhost port :3003
[09.02.2024 10:57:21 am] - [INFO] [SERVER] [DATABASE] - Database connected
[09.02.2024 10:57:22 am] - [INFO] [SERVER] - Server running on localhost port :3003
[09.02.2024 10:57:33 am] - [INFO] [SERVER] [DATABASE] - Database connected
[09.02.2024 10:57:33 am] - [INFO] [SERVER] - Server running on localhost port :3003
[09.02.2024 10:57:38 am] - [INFO] [SERVER] [DATABASE] - Database connected
[09.02.2024 10:57:39 am] - [INFO] [SERVER] - Server running on localhost port :3003
[09.02.2024 10:57:40 am] - [INFO] [SERVER] [DATABASE] - Database connected
[09.02.2024 10:57:41 am] - [INFO] [SERVER] - Server running on localhost port :3003
[09.02.2024 10:59:15 am] - [INFO] [SERVER] [DATABASE] - Database connected
[09.02.2024 10:59:16 am] - [INFO] [SERVER] - Server running on localhost port :3003
[09.02.2024 10:59:51 am] - [INFO] [SERVER] [DATABASE] - Database connected
[09.02.2024 10:59:51 am] - [INFO] [SERVER] - Server running on localhost port :3003
[09.02.2024 11:00:03 am] - [INFO] [SERVER] [DATABASE] - Database connected
[09.02.2024 11:00:03 am] - [INFO] [SERVER] - Server running on localhost port :3003
[09.02.2024 11:02:13 am] - [INFO] [SERVER] [DATABASE] - Database connected
[09.02.2024 11:02:14 am] - [INFO] [SERVER] - Server running on localhost port :3003
