[14.02.2024 09:51:35 am] - [ERROR] [ROUTE] [/api/response] [CONTROLLER] [CResponse] - WHERE parameter "adm_user" has invalid "undefined" value
[14.02.2024 09:55:26 am] - [ERROR] [ROUTE] [/api/response] [CONTROLLER] [CResponse] - WHERE parameter "adm_user" has invalid "undefined" value
[14.02.2024 09:55:27 am] - [ERROR] [ROUTE] [/api/response] [CONTROLLER] [CResponse] - WHERE parameter "adm_user" has invalid "undefined" value
[14.02.2024 09:55:28 am] - [ERROR] [ROUTE] [/api/response] [CONTROLLER] [CResponse] - WHERE parameter "adm_user" has invalid "undefined" value
[14.02.2024 09:55:29 am] - [ERROR] [ROUTE] [/api/response] [CONTROLLER] [CResponse] - WHERE parameter "adm_user" has invalid "undefined" value
[14.02.2024 09:55:30 am] - [ERROR] [ROUTE] [/api/response] [CONTROLLER] [CResponse] - WHERE parameter "adm_user" has invalid "undefined" value
[14.02.2024 09:55:31 am] - [ERROR] [ROUTE] [/api/response] [CONTROLLER] [CResponse] - WHERE parameter "adm_user" has invalid "undefined" value
[14.02.2024 09:55:31 am] - [ERROR] [ROUTE] [/api/response] [CONTROLLER] [CResponse] - WHERE parameter "adm_user" has invalid "undefined" value
[14.02.2024 09:55:32 am] - [ERROR] [ROUTE] [/api/response] [CONTROLLER] [CResponse] - WHERE parameter "adm_user" has invalid "undefined" value
[14.02.2024 09:55:56 am] - [ERROR] [ROUTE] [/api/response] [CONTROLLER] [CResponse] - Invalid value { user: 'dace' }
[14.02.2024 09:55:57 am] - [ERROR] [ROUTE] [/api/response] [CONTROLLER] [CResponse] - Invalid value { user: 'dace' }
[14.02.2024 11:28:32 am] - [ERROR] [ROUTE] [/api/response] [CONTROLLER] [CResponse] - Cannot access 'data' before initialization
[14.02.2024 11:48:16 am] - [ERROR] [ROUTE] [/api/response] [CONTROLLER] [CResponse] - Cannot read properties of null (reading 'adm_id')
[14.02.2024 12:58:31 pm] - [ERROR] [ROUTE] [/api/client] [CONTROLLER] [CClient] - Op is not defined
[14.02.2024 12:59:01 pm] - [ERROR] [ROUTE] [/api/client] [CONTROLLER] [CClient] - Op is not defined
[14.02.2024 12:59:01 pm] - [ERROR] [ROUTE] [/api/client] [CONTROLLER] [CClient] - Op is not defined
[14.02.2024 12:59:03 pm] - [ERROR] [ROUTE] [/api/client] [CONTROLLER] [CClient] - Op is not defined
[14.02.2024 12:59:27 pm] - [ERROR] [ROUTE] [/api/client] [CONTROLLER] [CClient] - You have an error in your SQL syntax; check the manual that corresponds to your MySQL server version for the right syntax to use near 'ILIKE '%2%' AND `tbl_client`.`cli_phone` ILIKE '%2%') LIMIT 0, 10' at line 1
[14.02.2024 13:00:17 pm] - [ERROR] [ROUTE] [/api/client] [CONTROLLER] [CClient] - page is not defined
[14.02.2024 14:19:32 pm] - [ERROR] [ROUTE] [/api/client] [ROUTER] [RClient] - Converting circular structure to JSON
    --> starting at object with constructor 'Array'
    |     index 0 -> object with constructor 'Object'
    |     property 'parent' -> object with constructor 'Object'
    --- property 'include' closes the circle
[14.02.2024 16:15:43 pm] - [ERROR] [ROUTE] [/api/location] [CONTROLLER] [CLocation] - Field 'fk_loc_cli_id' doesn't have a default value
[14.02.2024 16:16:36 pm] - [ERROR] [ROUTE] [/api/location] [CONTROLLER] [CLocation] - Field 'fk_loc_cli_id' doesn't have a default value
[14.02.2024 16:17:10 pm] - [ERROR] [ROUTE] [/api/location] [CONTROLLER] [CLocation] - this.build(...).save is not a function
[14.02.2024 16:17:15 pm] - [ERROR] [ROUTE] [/api/location] [CONTROLLER] [CLocation] - Field 'fk_loc_cli_id' doesn't have a default value
[16.02.2024 16:12:37 pm] - [ERROR] [ROUTE] [/api/response] [CONTROLLER] [CResponse] - Cannot read properties of null (reading 'adm_id')
[16.02.2024 16:32:43 pm] - [ERROR] [ROUTE] [/api/location] [CONTROLLER] [CLocation] - Field 'loc_address' doesn't have a default value
[16.02.2024 16:33:16 pm] - [ERROR] [ROUTE] [/api/location] [CONTROLLER] [CLocation] - Cannot read properties of null (reading 'loc_default')
[16.02.2024 16:42:21 pm] - [ERROR] [ROUTE] [/api/delivery] [CONTROLLER] [CDelivery] - Op is not defined
[16.02.2024 16:53:06 pm] - [ERROR] [ROUTE] [/api/delivery] [CONTROLLER] [CDelivery] - MBranch is not defined
[16.02.2024 16:53:07 pm] - [ERROR] [ROUTE] [/api/delivery] [CONTROLLER] [CDelivery] - MBranch is not defined
[16.02.2024 16:53:08 pm] - [ERROR] [ROUTE] [/api/delivery] [CONTROLLER] [CDelivery] - MBranch is not defined
[16.02.2024 16:53:42 pm] - [ERROR] [ROUTE] [/api/delivery] [CONTROLLER] [CDelivery] - MBranch is not defined
[16.02.2024 16:53:43 pm] - [ERROR] [ROUTE] [/api/delivery] [CONTROLLER] [CDelivery] - MBranch is not defined
[24.02.2024 14:36:15 pm] - [ERROR] [ROUTE] [/api/response] [CONTROLLER] [CResponse] - Cannot read properties of null (reading 'adm_id')
[25.02.2024 08:33:36 am] - [ERROR] [ROUTE] [/api/response] [CONTROLLER] [CResponse] - Cannot read properties of null (reading 'adm_id')
[25.02.2024 08:33:39 am] - [ERROR] [ROUTE] [/api/response] [CONTROLLER] [CResponse] - Cannot read properties of null (reading 'adm_id')
[25.02.2024 08:33:41 am] - [ERROR] [ROUTE] [/api/response] [CONTROLLER] [CResponse] - Cannot read properties of null (reading 'adm_id')
[25.02.2024 08:33:45 am] - [ERROR] [ROUTE] [/api/response] [CONTROLLER] [CResponse] - Cannot read properties of null (reading 'adm_id')
[25.02.2024 08:34:18 am] - [ERROR] [ROUTE] [/api/response] [CONTROLLER] [CResponse] - Cannot read properties of null (reading 'adm_id')
[29.02.2024 21:29:10 pm] - [ERROR] [ROUTE] [/api/client] [CONTROLLER] [CClient] - Cannot read properties of null (reading 'cli_id')
[29.02.2024 21:29:10 pm] - [ERROR] [ROUTE] [/api/client] [CONTROLLER] [CClient] - Cannot read properties of null (reading 'cli_id')
[29.02.2024 21:30:25 pm] - [ERROR] [ROUTE] [/api/client] [CONTROLLER] [CClient] - Cannot read properties of null (reading 'cli_id')
[29.02.2024 21:30:33 pm] - [ERROR] [ROUTE] [/api/client] [CONTROLLER] [CClient] - Cannot read properties of null (reading 'cli_id')
[29.02.2024 21:30:46 pm] - [ERROR] [ROUTE] [/api/client] [CONTROLLER] [CClient] - Cannot read properties of null (reading 'cli_id')
[29.02.2024 21:31:42 pm] - [ERROR] [ROUTE] [/api/client] [CONTROLLER] [CClient] - Cannot read properties of null (reading 'cli_id')
[29.02.2024 21:31:50 pm] - [ERROR] [ROUTE] [/api/client] [CONTROLLER] [CClient] - Cannot read properties of null (reading 'cli_id')
[29.02.2024 21:42:46 pm] - [ERROR] [ROUTE] [/api/client] [CONTROLLER] [CClient] - Cannot read properties of null (reading 'cli_id')
[29.02.2024 21:52:38 pm] - [ERROR] [ROUTE] [/api/client] [CONTROLLER] [CClient] - Cannot read properties of null (reading 'cli_id')
[29.02.2024 21:53:30 pm] - [ERROR] [ROUTE] [/api/client] [CONTROLLER] [CClient] - Cannot read properties of null (reading 'cli_id')
[29.02.2024 21:53:30 pm] - [ERROR] [ROUTE] [/api/client] [CONTROLLER] [CClient] - Cannot read properties of null (reading 'cli_id')
[01.03.2024 09:03:25 am] - [ERROR] [ROUTE] [/api/client] [CONTROLLER] [CClient] - Cannot read properties of null (reading 'cli_id')
[01.03.2024 09:23:48 am] - [ERROR] [ROUTE] [/api/client] [CONTROLLER] [CClient] - Cannot read properties of null (reading 'cli_id')
[01.03.2024 09:33:28 am] - [ERROR] [ROUTE] [/api/client] [CONTROLLER] [CClient] - Cannot read properties of null (reading 'cli_id')
[01.03.2024 09:34:20 am] - [ERROR] [ROUTE] [/api/client] [CONTROLLER] [CClient] - Cannot read properties of null (reading 'cli_id')
[01.03.2024 09:34:21 am] - [ERROR] [ROUTE] [/api/client] [CONTROLLER] [CClient] - Cannot read properties of null (reading 'cli_id')
[01.03.2024 09:43:18 am] - [ERROR] [ROUTE] [/api/client] [CONTROLLER] [CClient] - Cannot read properties of null (reading 'cli_id')
[01.03.2024 09:43:33 am] - [ERROR] [ROUTE] [/api/client] [CONTROLLER] [CClient] - Cannot read properties of null (reading 'cli_id')
[01.03.2024 09:43:46 am] - [ERROR] [ROUTE] [/api/client] [CONTROLLER] [CClient] - Cannot read properties of null (reading 'cli_id')
[01.03.2024 09:47:00 am] - [ERROR] [ROUTE] [/api/client] [CONTROLLER] [CClient] - Cannot read properties of null (reading 'cli_id')
[01.03.2024 09:47:02 am] - [ERROR] [ROUTE] [/api/client] [CONTROLLER] [CClient] - Cannot read properties of null (reading 'cli_id')
[01.03.2024 09:55:51 am] - [ERROR] [ROUTE] [/api/client] [CONTROLLER] [CClient] - Cannot read properties of null (reading 'cli_id')
[01.03.2024 09:56:34 am] - [ERROR] [ROUTE] [/api/client] [CONTROLLER] [CClient] - Cannot read properties of null (reading 'cli_id')
[01.03.2024 09:57:01 am] - [ERROR] [ROUTE] [/api/client] [CONTROLLER] [CClient] - Cannot read properties of null (reading 'cli_id')
[01.03.2024 09:57:24 am] - [ERROR] [ROUTE] [/api/client] [CONTROLLER] [CClient] - Cannot read properties of null (reading 'cli_id')
[01.03.2024 09:57:39 am] - [ERROR] [ROUTE] [/api/client] [CONTROLLER] [CClient] - Cannot read properties of null (reading 'cli_id')
[01.03.2024 09:58:05 am] - [ERROR] [ROUTE] [/api/client] [CONTROLLER] [CClient] - Cannot read properties of null (reading 'cli_id')
[01.03.2024 09:58:16 am] - [ERROR] [ROUTE] [/api/client] [CONTROLLER] [CClient] - Cannot read properties of null (reading 'cli_id')
[01.03.2024 09:58:32 am] - [ERROR] [ROUTE] [/api/client] [CONTROLLER] [CClient] - Cannot read properties of null (reading 'cli_id')
[01.03.2024 09:58:39 am] - [ERROR] [ROUTE] [/api/client] [CONTROLLER] [CClient] - Cannot read properties of null (reading 'cli_id')
[01.03.2024 11:07:52 am] - [ERROR] [ROUTE] [/api/client] [CONTROLLER] [CClient] - Cannot read properties of null (reading 'cli_id')
[01.03.2024 11:07:53 am] - [ERROR] [ROUTE] [/api/client] [CONTROLLER] [CClient] - Cannot read properties of null (reading 'cli_id')
[01.03.2024 11:11:08 am] - [ERROR] [ROUTE] [/api/client] [CONTROLLER] [CClient] - Cannot read properties of null (reading 'cli_id')
[01.03.2024 11:36:35 am] - [ERROR] [ROUTE] [/api/client] [CONTROLLER] [CClient] - Cannot read properties of null (reading 'cli_id')
[01.03.2024 11:38:16 am] - [ERROR] [ROUTE] [/api/client] [CONTROLLER] [CClient] - Cannot read properties of null (reading 'cli_id')
[01.03.2024 11:39:25 am] - [ERROR] [ROUTE] [/api/client] [CONTROLLER] [CClient] - Cannot read properties of null (reading 'cli_id')
[01.03.2024 11:39:31 am] - [ERROR] [ROUTE] [/api/client] [CONTROLLER] [CClient] - Cannot read properties of null (reading 'cli_id')
[01.03.2024 11:39:36 am] - [ERROR] [ROUTE] [/api/client] [CONTROLLER] [CClient] - Cannot read properties of null (reading 'cli_id')
[01.03.2024 17:26:57 pm] - [ERROR] [ROUTE] [/api/client] [CONTROLLER] [CClient] - Cannot read properties of null (reading 'cli_id')
[01.03.2024 17:29:12 pm] - [ERROR] [ROUTE] [/api/client] [CONTROLLER] [CClient] - Cannot read properties of null (reading 'cli_id')
[01.03.2024 17:33:36 pm] - [ERROR] [ROUTE] [/api/client] [CONTROLLER] [CClient] - Cannot read properties of null (reading 'cli_id')
[01.03.2024 17:33:47 pm] - [ERROR] [ROUTE] [/api/client] [CONTROLLER] [CClient] - Cannot read properties of null (reading 'cli_id')
[01.03.2024 17:41:08 pm] - [ERROR] [ROUTE] [/api/client] [CONTROLLER] [CClient] - Cannot read properties of null (reading 'cli_id')
[01.03.2024 18:00:22 pm] - [ERROR] [ROUTE] [/api/client] [CONTROLLER] [CClient] - Cannot read properties of null (reading 'cli_id')
[01.03.2024 18:00:59 pm] - [ERROR] [ROUTE] [/api/client] [CONTROLLER] [CClient] - Cannot read properties of null (reading 'cli_id')
[01.03.2024 18:02:08 pm] - [ERROR] [ROUTE] [/api/client] [CONTROLLER] [CClient] - Cannot read properties of null (reading 'cli_id')
[01.03.2024 18:04:41 pm] - [ERROR] [ROUTE] [/api/client] [CONTROLLER] [CClient] - Cannot read properties of null (reading 'cli_id')
[01.03.2024 18:07:02 pm] - [ERROR] [ROUTE] [/api/client] [CONTROLLER] [CClient] - Cannot read properties of null (reading 'cli_id')
[02.03.2024 09:48:37 am] - [ERROR] [ROUTE] [/api/client] [CONTROLLER] [CClient] - Cannot read properties of null (reading 'cli_id')
[02.03.2024 10:37:35 am] - [ERROR] [ROUTE] [/api/client] [CONTROLLER] [CClient] - Cannot read properties of null (reading 'cli_id')
[02.03.2024 10:38:00 am] - [ERROR] [ROUTE] [/api/client] [CONTROLLER] [CClient] - Cannot read properties of null (reading 'cli_id')
[02.03.2024 10:47:20 am] - [ERROR] [ROUTE] [/api/client] [CONTROLLER] [CClient] - Cannot read properties of null (reading 'cli_id')
[02.03.2024 10:47:28 am] - [ERROR] [ROUTE] [/api/client] [CONTROLLER] [CClient] - Cannot read properties of null (reading 'cli_id')
[02.03.2024 10:47:38 am] - [ERROR] [ROUTE] [/api/client] [CONTROLLER] [CClient] - Cannot read properties of null (reading 'cli_id')
[02.03.2024 10:48:17 am] - [ERROR] [ROUTE] [/api/client] [CONTROLLER] [CClient] - Cannot read properties of null (reading 'cli_id')
[02.03.2024 10:48:17 am] - [ERROR] [ROUTE] [/api/client] [CONTROLLER] [CClient] - Cannot read properties of null (reading 'cli_id')
[02.03.2024 10:48:31 am] - [ERROR] [ROUTE] [/api/client] [CONTROLLER] [CClient] - Cannot read properties of null (reading 'cli_id')
[02.03.2024 10:56:02 am] - [ERROR] [ROUTE] [/api/client] [CONTROLLER] [CClient] - Cannot read properties of null (reading 'cli_id')
[02.03.2024 10:56:28 am] - [ERROR] [ROUTE] [/api/client] [CONTROLLER] [CClient] - Cannot read properties of null (reading 'cli_id')
[02.03.2024 10:58:23 am] - [ERROR] [ROUTE] [/api/client] [CONTROLLER] [CClient] - Cannot read properties of null (reading 'cli_id')
[02.03.2024 11:02:14 am] - [ERROR] [ROUTE] [/api/client] [CONTROLLER] [CClient] - Cannot read properties of null (reading 'cli_id')
[02.03.2024 11:34:17 am] - [ERROR] [ROUTE] [/api/client] [CONTROLLER] [CClient] - Cannot read properties of null (reading 'cli_id')
[02.03.2024 11:34:23 am] - [ERROR] [ROUTE] [/api/lead] [CONTROLLER] [CLead] - Cannot add or update a child row: a foreign key constraint fails (`bdzumitos`.`tbl_lead`, CONSTRAINT `tbl_lead_ibfk_1` FOREIGN KEY (`fk_lea_bra_id`) REFERENCES `tbl_branch` (`bra_id`) ON DELETE CASCADE ON UPDATE CASCADE)
[02.03.2024 11:36:49 am] - [ERROR] [ROUTE] [/api/client] [CONTROLLER] [CClient] - Cannot read properties of null (reading 'cli_id')
[02.03.2024 11:36:54 am] - [ERROR] [ROUTE] [/api/lead] [CONTROLLER] [CLead] - Cannot add or update a child row: a foreign key constraint fails (`bdzumitos`.`tbl_lead`, CONSTRAINT `tbl_lead_ibfk_1` FOREIGN KEY (`fk_lea_bra_id`) REFERENCES `tbl_branch` (`bra_id`) ON DELETE CASCADE ON UPDATE CASCADE)
[02.03.2024 11:37:27 am] - [ERROR] [ROUTE] [/api/lead] [CONTROLLER] [CLead] - Cannot add or update a child row: a foreign key constraint fails (`bdzumitos`.`tbl_lead`, CONSTRAINT `tbl_lead_ibfk_1` FOREIGN KEY (`fk_lea_bra_id`) REFERENCES `tbl_branch` (`bra_id`) ON DELETE CASCADE ON UPDATE CASCADE)
[02.03.2024 11:37:34 am] - [ERROR] [ROUTE] [/api/lead] [CONTROLLER] [CLead] - Cannot add or update a child row: a foreign key constraint fails (`bdzumitos`.`tbl_lead`, CONSTRAINT `tbl_lead_ibfk_1` FOREIGN KEY (`fk_lea_bra_id`) REFERENCES `tbl_branch` (`bra_id`) ON DELETE CASCADE ON UPDATE CASCADE)
[02.03.2024 11:38:31 am] - [ERROR] [ROUTE] [/api/lead] [CONTROLLER] [CLead] - Cannot add or update a child row: a foreign key constraint fails (`bdzumitos`.`tbl_lead`, CONSTRAINT `tbl_lead_ibfk_1` FOREIGN KEY (`fk_lea_bra_id`) REFERENCES `tbl_branch` (`bra_id`) ON DELETE CASCADE ON UPDATE CASCADE)
[02.03.2024 11:38:35 am] - [ERROR] [ROUTE] [/api/lead] [CONTROLLER] [CLead] - Cannot add or update a child row: a foreign key constraint fails (`bdzumitos`.`tbl_lead`, CONSTRAINT `tbl_lead_ibfk_1` FOREIGN KEY (`fk_lea_bra_id`) REFERENCES `tbl_branch` (`bra_id`) ON DELETE CASCADE ON UPDATE CASCADE)
[02.03.2024 11:38:43 am] - [ERROR] [ROUTE] [/api/lead] [CONTROLLER] [CLead] - Cannot add or update a child row: a foreign key constraint fails (`bdzumitos`.`tbl_lead`, CONSTRAINT `tbl_lead_ibfk_1` FOREIGN KEY (`fk_lea_bra_id`) REFERENCES `tbl_branch` (`bra_id`) ON DELETE CASCADE ON UPDATE CASCADE)
[02.03.2024 11:40:42 am] - [ERROR] [ROUTE] [/api/client] [CONTROLLER] [CClient] - Cannot read properties of null (reading 'cli_id')
[02.03.2024 11:40:42 am] - [ERROR] [ROUTE] [/api/client] [CONTROLLER] [CClient] - Cannot read properties of null (reading 'cli_id')
[02.03.2024 11:40:47 am] - [ERROR] [ROUTE] [/api/client] [CONTROLLER] [CClient] - Cannot read properties of null (reading 'cli_id')
[02.03.2024 11:42:10 am] - [ERROR] [ROUTE] [/api/lead] [CONTROLLER] [CLead] - MBranch is not defined
[02.03.2024 11:42:10 am] - [ERROR] [ROUTE] [/api/lead] [CONTROLLER] [CLead] - MBranch is not defined
[02.03.2024 11:42:36 am] - [ERROR] [ROUTE] [/api/lead] [CONTROLLER] [CLead] - MBranch is not defined
[02.03.2024 11:42:36 am] - [ERROR] [ROUTE] [/api/lead] [CONTROLLER] [CLead] - MBranch is not defined
[02.03.2024 11:53:37 am] - [ERROR] [ROUTE] [/api/client] [CONTROLLER] [CClient] - Cannot read properties of null (reading 'cli_id')
[02.03.2024 11:53:37 am] - [ERROR] [ROUTE] [/api/client] [CONTROLLER] [CClient] - Cannot read properties of null (reading 'cli_id')
[02.03.2024 11:53:47 am] - [ERROR] [ROUTE] [/api/client] [CONTROLLER] [CClient] - Cannot read properties of null (reading 'cli_id')
[02.03.2024 11:54:50 am] - [ERROR] [ROUTE] [/api/client] [CONTROLLER] [CClient] - Cannot read properties of null (reading 'cli_id')
[02.03.2024 11:54:57 am] - [ERROR] [ROUTE] [/api/client] [CONTROLLER] [CClient] - Cannot read properties of null (reading 'cli_id')
[02.03.2024 11:56:04 am] - [ERROR] [ROUTE] [/api/client] [CONTROLLER] [CClient] - Cannot read properties of null (reading 'cli_id')
[02.03.2024 11:56:54 am] - [ERROR] [ROUTE] [/api/client] [CONTROLLER] [CClient] - Cannot read properties of null (reading 'cli_id')
[02.03.2024 11:57:17 am] - [ERROR] [ROUTE] [/api/client] [CONTROLLER] [CClient] - Cannot read properties of null (reading 'cli_id')
[02.03.2024 11:57:18 am] - [ERROR] [ROUTE] [/api/client] [CONTROLLER] [CClient] - Cannot read properties of null (reading 'cli_id')
[02.03.2024 11:57:31 am] - [ERROR] [ROUTE] [/api/client] [CONTROLLER] [CClient] - Cannot read properties of null (reading 'cli_id')
[02.03.2024 11:57:33 am] - [ERROR] [ROUTE] [/api/client] [CONTROLLER] [CClient] - Cannot read properties of null (reading 'cli_id')
[02.03.2024 11:57:34 am] - [ERROR] [ROUTE] [/api/client] [CONTROLLER] [CClient] - Cannot read properties of null (reading 'cli_id')
[02.03.2024 12:00:51 pm] - [ERROR] [ROUTE] [/api/client] [CONTROLLER] [CClient] - Cannot read properties of null (reading 'cli_id')
[02.03.2024 12:00:51 pm] - [ERROR] [ROUTE] [/api/client] [CONTROLLER] [CClient] - Cannot read properties of null (reading 'cli_id')
[02.03.2024 12:11:50 pm] - [ERROR] [ROUTE] [/api/client] [CONTROLLER] [CClient] - Cannot read properties of null (reading 'cli_id')
[02.03.2024 12:12:10 pm] - [ERROR] [ROUTE] [/api/client] [CONTROLLER] [CClient] - Cannot read properties of null (reading 'cli_id')
[02.03.2024 12:12:10 pm] - [ERROR] [ROUTE] [/api/client] [CONTROLLER] [CClient] - Cannot read properties of null (reading 'cli_id')
[02.03.2024 12:14:52 pm] - [ERROR] [ROUTE] [/api/client] [CONTROLLER] [CClient] - Cannot read properties of null (reading 'cli_id')
[02.03.2024 12:14:52 pm] - [ERROR] [ROUTE] [/api/client] [CONTROLLER] [CClient] - Cannot read properties of null (reading 'cli_id')
[02.03.2024 12:20:22 pm] - [ERROR] [ROUTE] [/api/client] [CONTROLLER] [CClient] - Cannot read properties of null (reading 'cli_id')
[02.03.2024 12:20:22 pm] - [ERROR] [ROUTE] [/api/client] [CONTROLLER] [CClient] - Cannot read properties of null (reading 'cli_id')
[02.03.2024 12:22:22 pm] - [ERROR] [ROUTE] [/api/client] [CONTROLLER] [CClient] - Cannot read properties of null (reading 'cli_id')
[02.03.2024 12:22:22 pm] - [ERROR] [ROUTE] [/api/client] [CONTROLLER] [CClient] - Cannot read properties of null (reading 'cli_id')
[02.03.2024 12:22:26 pm] - [ERROR] [ROUTE] [/api/client] [CONTROLLER] [CClient] - Cannot read properties of null (reading 'cli_id')
[02.03.2024 12:22:26 pm] - [ERROR] [ROUTE] [/api/client] [CONTROLLER] [CClient] - Cannot read properties of null (reading 'cli_id')
[02.03.2024 12:22:32 pm] - [ERROR] [ROUTE] [/api/client] [CONTROLLER] [CClient] - Cannot read properties of null (reading 'cli_id')
[02.03.2024 12:22:32 pm] - [ERROR] [ROUTE] [/api/client] [CONTROLLER] [CClient] - Cannot read properties of null (reading 'cli_id')
[02.03.2024 12:22:33 pm] - [ERROR] [ROUTE] [/api/client] [CONTROLLER] [CClient] - Cannot read properties of null (reading 'cli_id')
[02.03.2024 12:24:02 pm] - [ERROR] [ROUTE] [/api/client] [CONTROLLER] [CClient] - Cannot read properties of null (reading 'cli_id')
[02.03.2024 12:24:02 pm] - [ERROR] [ROUTE] [/api/client] [CONTROLLER] [CClient] - Cannot read properties of null (reading 'cli_id')
[02.03.2024 12:24:05 pm] - [ERROR] [ROUTE] [/api/client] [CONTROLLER] [CClient] - Cannot read properties of null (reading 'cli_id')
[02.03.2024 12:24:05 pm] - [ERROR] [ROUTE] [/api/client] [CONTROLLER] [CClient] - Cannot read properties of null (reading 'cli_id')
[02.03.2024 12:24:52 pm] - [ERROR] [ROUTE] [/api/client] [CONTROLLER] [CClient] - Cannot read properties of null (reading 'cli_id')
[02.03.2024 12:25:15 pm] - [ERROR] [ROUTE] [/api/client] [CONTROLLER] [CClient] - Cannot read properties of null (reading 'cli_id')
[02.03.2024 12:26:17 pm] - [ERROR] [ROUTE] [/api/client] [CONTROLLER] [CClient] - Cannot read properties of null (reading 'cli_id')
[02.03.2024 12:26:17 pm] - [ERROR] [ROUTE] [/api/client] [CONTROLLER] [CClient] - Cannot read properties of null (reading 'cli_id')
[02.03.2024 12:26:23 pm] - [ERROR] [ROUTE] [/api/client] [CONTROLLER] [CClient] - Cannot read properties of null (reading 'cli_id')
[02.03.2024 12:26:25 pm] - [ERROR] [ROUTE] [/api/client] [CONTROLLER] [CClient] - Cannot read properties of null (reading 'cli_id')
[02.03.2024 12:26:59 pm] - [ERROR] [ROUTE] [/api/client] [CONTROLLER] [CClient] - Cannot read properties of null (reading 'cli_id')
[02.03.2024 12:26:59 pm] - [ERROR] [ROUTE] [/api/client] [CONTROLLER] [CClient] - Cannot read properties of null (reading 'cli_id')
[02.03.2024 12:27:08 pm] - [ERROR] [ROUTE] [/api/client] [CONTROLLER] [CClient] - Cannot read properties of null (reading 'cli_id')
[02.03.2024 12:27:56 pm] - [ERROR] [ROUTE] [/api/client] [CONTROLLER] [CClient] - Cannot read properties of null (reading 'cli_id')
[02.03.2024 12:27:56 pm] - [ERROR] [ROUTE] [/api/client] [CONTROLLER] [CClient] - Cannot read properties of null (reading 'cli_id')
[02.03.2024 12:28:19 pm] - [ERROR] [ROUTE] [/api/client] [CONTROLLER] [CClient] - Cannot read properties of null (reading 'cli_id')
[02.03.2024 12:28:21 pm] - [ERROR] [ROUTE] [/api/client] [CONTROLLER] [CClient] - Cannot read properties of null (reading 'cli_id')
[02.03.2024 12:28:58 pm] - [ERROR] [ROUTE] [/api/client] [CONTROLLER] [CClient] - Cannot read properties of null (reading 'cli_id')
[02.03.2024 12:28:58 pm] - [ERROR] [ROUTE] [/api/client] [CONTROLLER] [CClient] - Cannot read properties of null (reading 'cli_id')
[02.03.2024 12:29:23 pm] - [ERROR] [ROUTE] [/api/client] [CONTROLLER] [CClient] - Cannot read properties of null (reading 'cli_id')
[02.03.2024 12:31:26 pm] - [ERROR] [ROUTE] [/api/client] [CONTROLLER] [CClient] - Cannot read properties of null (reading 'cli_id')
[02.03.2024 12:31:52 pm] - [ERROR] [ROUTE] [/api/client] [CONTROLLER] [CClient] - Cannot read properties of null (reading 'cli_id')
[02.03.2024 12:32:16 pm] - [ERROR] [ROUTE] [/api/client] [CONTROLLER] [CClient] - Cannot read properties of null (reading 'cli_id')
[02.03.2024 12:32:37 pm] - [ERROR] [ROUTE] [/api/client] [CONTROLLER] [CClient] - Cannot read properties of null (reading 'cli_id')
[02.03.2024 12:33:07 pm] - [ERROR] [ROUTE] [/api/client] [CONTROLLER] [CClient] - Cannot read properties of null (reading 'cli_id')
[02.03.2024 12:33:13 pm] - [ERROR] [ROUTE] [/api/client] [CONTROLLER] [CClient] - Cannot read properties of null (reading 'cli_id')
[02.03.2024 12:33:20 pm] - [ERROR] [ROUTE] [/api/client] [CONTROLLER] [CClient] - Cannot read properties of null (reading 'cli_id')
[02.03.2024 12:33:54 pm] - [ERROR] [ROUTE] [/api/client] [CONTROLLER] [CClient] - Cannot read properties of null (reading 'cli_id')
[02.03.2024 12:34:12 pm] - [ERROR] [ROUTE] [/api/client] [CONTROLLER] [CClient] - Cannot read properties of null (reading 'cli_id')
[02.03.2024 12:34:28 pm] - [ERROR] [ROUTE] [/api/client] [CONTROLLER] [CClient] - Cannot read properties of null (reading 'cli_id')
[02.03.2024 12:39:19 pm] - [ERROR] [ROUTE] [/api/client] [CONTROLLER] [CClient] - Cannot read properties of null (reading 'cli_id')
[02.03.2024 12:40:17 pm] - [ERROR] [ROUTE] [/api/client] [CONTROLLER] [CClient] - Cannot read properties of null (reading 'cli_id')
[02.03.2024 12:40:50 pm] - [ERROR] [ROUTE] [/api/client] [CONTROLLER] [CClient] - Cannot read properties of null (reading 'cli_id')
[02.03.2024 12:40:50 pm] - [ERROR] [ROUTE] [/api/client] [CONTROLLER] [CClient] - Cannot read properties of null (reading 'cli_id')
[02.03.2024 12:40:53 pm] - [ERROR] [ROUTE] [/api/client] [CONTROLLER] [CClient] - Cannot read properties of null (reading 'cli_id')
[02.03.2024 12:40:56 pm] - [ERROR] [ROUTE] [/api/client] [CONTROLLER] [CClient] - Cannot read properties of null (reading 'cli_id')
[02.03.2024 12:41:03 pm] - [ERROR] [ROUTE] [/api/client] [CONTROLLER] [CClient] - Cannot read properties of null (reading 'cli_id')
[02.03.2024 12:41:26 pm] - [ERROR] [ROUTE] [/api/client] [CONTROLLER] [CClient] - Cannot read properties of null (reading 'cli_id')
[02.03.2024 12:41:30 pm] - [ERROR] [ROUTE] [/api/client] [CONTROLLER] [CClient] - Cannot read properties of null (reading 'cli_id')
[02.03.2024 12:41:35 pm] - [ERROR] [ROUTE] [/api/client] [CONTROLLER] [CClient] - Cannot read properties of null (reading 'cli_id')
[02.03.2024 12:42:52 pm] - [ERROR] [ROUTE] [/api/client] [CONTROLLER] [CClient] - Cannot read properties of null (reading 'cli_id')
[02.03.2024 12:43:01 pm] - [ERROR] [ROUTE] [/api/client] [CONTROLLER] [CClient] - Cannot read properties of null (reading 'cli_id')
[02.03.2024 12:47:02 pm] - [ERROR] [ROUTE] [/api/client] [CONTROLLER] [CClient] - Cannot read properties of null (reading 'cli_id')
[02.03.2024 12:48:15 pm] - [ERROR] [ROUTE] [/api/client] [CONTROLLER] [CClient] - Cannot read properties of null (reading 'cli_id')
[02.03.2024 14:41:08 pm] - [ERROR] [ROUTE] [/api/client] [CONTROLLER] [CClient] - Cannot read properties of null (reading 'cli_id')
[02.03.2024 14:41:08 pm] - [ERROR] [ROUTE] [/api/client] [CONTROLLER] [CClient] - Cannot read properties of null (reading 'cli_id')
[02.03.2024 14:50:01 pm] - [ERROR] [ROUTE] [/api/client] [CONTROLLER] [CClient] - Cannot read properties of null (reading 'cli_id')
[02.03.2024 14:50:05 pm] - [ERROR] [ROUTE] [/api/client] [CONTROLLER] [CClient] - Cannot read properties of null (reading 'cli_id')
[02.03.2024 14:50:11 pm] - [ERROR] [ROUTE] [/api/client] [CONTROLLER] [CClient] - Cannot read properties of null (reading 'cli_id')
[02.03.2024 14:55:24 pm] - [ERROR] [ROUTE] [/api/client] [CONTROLLER] [CClient] - Cannot read properties of null (reading 'cli_id')
[02.03.2024 14:55:46 pm] - [ERROR] [ROUTE] [/api/client] [CONTROLLER] [CClient] - Cannot read properties of null (reading 'cli_id')
[02.03.2024 15:19:24 pm] - [ERROR] [ROUTE] [/api/client] [CONTROLLER] [CClient] - Cannot read properties of null (reading 'cli_id')
[02.03.2024 15:19:24 pm] - [ERROR] [ROUTE] [/api/client] [CONTROLLER] [CClient] - Cannot read properties of null (reading 'cli_id')
[02.03.2024 15:20:15 pm] - [ERROR] [ROUTE] [/api/client] [CONTROLLER] [CClient] - Cannot read properties of null (reading 'cli_id')
[02.03.2024 15:20:34 pm] - [ERROR] [ROUTE] [/api/client] [CONTROLLER] [CClient] - Cannot read properties of null (reading 'cli_id')
[02.03.2024 15:20:36 pm] - [ERROR] [ROUTE] [/api/client] [CONTROLLER] [CClient] - Cannot read properties of null (reading 'cli_id')
[02.03.2024 15:21:47 pm] - [ERROR] [ROUTE] [/api/client] [CONTROLLER] [CClient] - Cannot read properties of null (reading 'cli_id')
[02.03.2024 15:22:28 pm] - [ERROR] [ROUTE] [/api/client] [CONTROLLER] [CClient] - Cannot read properties of null (reading 'cli_id')
[02.03.2024 15:22:29 pm] - [ERROR] [ROUTE] [/api/client] [CONTROLLER] [CClient] - Cannot read properties of null (reading 'cli_id')
[02.03.2024 15:23:34 pm] - [ERROR] [ROUTE] [/api/client] [CONTROLLER] [CClient] - Cannot read properties of null (reading 'cli_id')
[02.03.2024 15:24:24 pm] - [ERROR] [ROUTE] [/api/client] [CONTROLLER] [CClient] - Cannot read properties of null (reading 'cli_id')
[02.03.2024 15:25:09 pm] - [ERROR] [ROUTE] [/api/client] [CONTROLLER] [CClient] - Cannot read properties of null (reading 'cli_id')
[02.03.2024 15:26:34 pm] - [ERROR] [ROUTE] [/api/client] [CONTROLLER] [CClient] - Cannot read properties of null (reading 'cli_id')
[02.03.2024 15:26:36 pm] - [ERROR] [ROUTE] [/api/client] [CONTROLLER] [CClient] - Cannot read properties of null (reading 'cli_id')
[02.03.2024 15:37:27 pm] - [ERROR] [ROUTE] [/api/client] [CONTROLLER] [CClient] - Cannot add or update a child row: a foreign key constraint fails (`bdzumitos`.`tbl_client`, CONSTRAINT `tbl_client_ibfk_1` FOREIGN KEY (`fk_cli_bra_id`) REFERENCES `tbl_branch` (`bra_id`) ON DELETE NO ACTION ON UPDATE CASCADE)
[02.03.2024 15:48:32 pm] - [ERROR] [ROUTE] [/api/client] [CONTROLLER] [CClient] - Cannot read properties of null (reading 'cli_id')
[02.03.2024 15:48:32 pm] - [ERROR] [ROUTE] [/api/client] [CONTROLLER] [CClient] - Cannot read properties of null (reading 'cli_id')
[02.03.2024 15:50:21 pm] - [ERROR] [ROUTE] [/api/client] [CONTROLLER] [CClient] - Cannot read properties of null (reading 'cli_id')
[02.03.2024 15:51:04 pm] - [ERROR] [ROUTE] [/api/client] [CONTROLLER] [CClient] - Cannot add or update a child row: a foreign key constraint fails (`bdzumitos`.`tbl_client`, CONSTRAINT `tbl_client_ibfk_1` FOREIGN KEY (`fk_cli_bra_id`) REFERENCES `tbl_branch` (`bra_id`) ON DELETE NO ACTION ON UPDATE CASCADE)
[02.03.2024 15:51:55 pm] - [ERROR] [ROUTE] [/api/client] [CONTROLLER] [CClient] - Cannot add or update a child row: a foreign key constraint fails (`bdzumitos`.`tbl_client`, CONSTRAINT `tbl_client_ibfk_1` FOREIGN KEY (`fk_cli_bra_id`) REFERENCES `tbl_branch` (`bra_id`) ON DELETE NO ACTION ON UPDATE CASCADE)
[02.03.2024 15:51:57 pm] - [ERROR] [ROUTE] [/api/client] [CONTROLLER] [CClient] - Cannot add or update a child row: a foreign key constraint fails (`bdzumitos`.`tbl_client`, CONSTRAINT `tbl_client_ibfk_1` FOREIGN KEY (`fk_cli_bra_id`) REFERENCES `tbl_branch` (`bra_id`) ON DELETE NO ACTION ON UPDATE CASCADE)
[02.03.2024 15:52:09 pm] - [ERROR] [ROUTE] [/api/client] [CONTROLLER] [CClient] - Cannot add or update a child row: a foreign key constraint fails (`bdzumitos`.`tbl_client`, CONSTRAINT `tbl_client_ibfk_1` FOREIGN KEY (`fk_cli_bra_id`) REFERENCES `tbl_branch` (`bra_id`) ON DELETE NO ACTION ON UPDATE CASCADE)
[02.03.2024 15:52:25 pm] - [ERROR] [ROUTE] [/api/client] [CONTROLLER] [CClient] - Cannot add or update a child row: a foreign key constraint fails (`bdzumitos`.`tbl_client`, CONSTRAINT `tbl_client_ibfk_1` FOREIGN KEY (`fk_cli_bra_id`) REFERENCES `tbl_branch` (`bra_id`) ON DELETE NO ACTION ON UPDATE CASCADE)
[02.03.2024 15:52:30 pm] - [ERROR] [ROUTE] [/api/client] [CONTROLLER] [CClient] - Cannot read properties of null (reading 'cli_id')
[02.03.2024 15:52:35 pm] - [ERROR] [ROUTE] [/api/client] [CONTROLLER] [CClient] - Cannot add or update a child row: a foreign key constraint fails (`bdzumitos`.`tbl_client`, CONSTRAINT `tbl_client_ibfk_1` FOREIGN KEY (`fk_cli_bra_id`) REFERENCES `tbl_branch` (`bra_id`) ON DELETE NO ACTION ON UPDATE CASCADE)
[02.03.2024 15:52:54 pm] - [ERROR] [ROUTE] [/api/client] [CONTROLLER] [CClient] - Cannot read properties of null (reading 'cli_id')
[02.03.2024 15:52:54 pm] - [ERROR] [ROUTE] [/api/client] [CONTROLLER] [CClient] - Cannot read properties of null (reading 'cli_id')
[02.03.2024 15:53:11 pm] - [ERROR] [ROUTE] [/api/client] [CONTROLLER] [CClient] - Cannot add or update a child row: a foreign key constraint fails (`bdzumitos`.`tbl_client`, CONSTRAINT `tbl_client_ibfk_1` FOREIGN KEY (`fk_cli_bra_id`) REFERENCES `tbl_branch` (`bra_id`) ON DELETE NO ACTION ON UPDATE CASCADE)
[02.03.2024 15:54:34 pm] - [ERROR] [ROUTE] [/api/client] [CONTROLLER] [CClient] - Cannot add or update a child row: a foreign key constraint fails (`bdzumitos`.`tbl_client`, CONSTRAINT `tbl_client_ibfk_1` FOREIGN KEY (`fk_cli_bra_id`) REFERENCES `tbl_branch` (`bra_id`) ON DELETE NO ACTION ON UPDATE CASCADE)
[02.03.2024 16:16:54 pm] - [ERROR] [ROUTE] [/api/client] [CONTROLLER] [CClient] - Cannot read properties of null (reading 'cli_id')
[02.03.2024 16:16:54 pm] - [ERROR] [ROUTE] [/api/client] [CONTROLLER] [CClient] - Cannot read properties of null (reading 'cli_id')
[02.03.2024 16:17:02 pm] - [ERROR] [ROUTE] [/api/client] [CONTROLLER] [CClient] - Cannot read properties of null (reading 'cli_id')
[02.03.2024 16:18:32 pm] - [ERROR] [ROUTE] [/api/client] [CONTROLLER] [CClient] - Cannot read properties of null (reading 'cli_id')
[02.03.2024 16:18:32 pm] - [ERROR] [ROUTE] [/api/client] [CONTROLLER] [CClient] - Cannot read properties of null (reading 'cli_id')
[02.03.2024 16:19:07 pm] - [ERROR] [ROUTE] [/api/client] [CONTROLLER] [CClient] - Cannot read properties of null (reading 'cli_id')
[02.03.2024 16:19:07 pm] - [ERROR] [ROUTE] [/api/client] [CONTROLLER] [CClient] - Cannot read properties of null (reading 'cli_id')
[02.03.2024 16:19:22 pm] - [ERROR] [ROUTE] [/api/client] [CONTROLLER] [CClient] - Cannot read properties of null (reading 'cli_id')
[02.03.2024 16:19:22 pm] - [ERROR] [ROUTE] [/api/client] [CONTROLLER] [CClient] - Cannot read properties of null (reading 'cli_id')
[02.03.2024 16:19:46 pm] - [ERROR] [ROUTE] [/api/client] [CONTROLLER] [CClient] - Cannot read properties of null (reading 'cli_id')
[02.03.2024 16:20:01 pm] - [ERROR] [ROUTE] [/api/client] [CONTROLLER] [CClient] - Cannot read properties of null (reading 'cli_id')
[02.03.2024 16:20:02 pm] - [ERROR] [ROUTE] [/api/client] [CONTROLLER] [CClient] - Cannot read properties of null (reading 'cli_id')
